0 info it worked if it ends with ok
1 verbose cli [ '/usr/local/bin/node',
1 verbose cli   '/usr/local/bin/npm',
1 verbose cli   'install',
1 verbose cli   'detect-character-encoding',
1 verbose cli   '--save' ]
2 info using npm@2.15.9
3 info using node@v4.5.0
4 verbose install initial load of /Users/jeongjinyong/Desktop/project/test/node/node_test/package.json
5 warn package.json node_test@1.0.0 No description
6 verbose installManyTop reading scoped package data from /Users/jeongjinyong/Desktop/project/test/node/node_test/node_modules/bluebird/package.json
7 verbose installManyTop reading scoped package data from /Users/jeongjinyong/Desktop/project/test/node/node_test/node_modules/cheerio/package.json
8 verbose installManyTop reading scoped package data from /Users/jeongjinyong/Desktop/project/test/node/node_test/node_modules/fs/package.json
9 verbose installManyTop reading scoped package data from /Users/jeongjinyong/Desktop/project/test/node/node_test/node_modules/iconv/package.json
10 verbose installManyTop reading scoped package data from /Users/jeongjinyong/Desktop/project/test/node/node_test/node_modules/iconv-lite/package.json
11 verbose installManyTop reading scoped package data from /Users/jeongjinyong/Desktop/project/test/node/node_test/node_modules/request/package.json
12 verbose installManyTop reading scoped package data from /Users/jeongjinyong/Desktop/project/test/node/node_test/node_modules/underscore/package.json
13 verbose installManyTop reading scoped package data from /Users/jeongjinyong/Desktop/project/test/node/node_test/node_modules/xlsx/package.json
14 verbose installManyTop reading scoped package data from /Users/jeongjinyong/Desktop/project/test/node/node_test/node_modules/xml2js/package.json
15 info package.json fs@0.0.1-security fs is also the name of a node core module.
16 verbose readDependencies loading dependencies from /Users/jeongjinyong/Desktop/project/test/node/node_test/package.json
17 silly cache add args [ 'detect-character-encoding', null ]
18 verbose cache add spec detect-character-encoding
19 silly cache add parsed spec Result {
19 silly cache add   raw: 'detect-character-encoding',
19 silly cache add   scope: null,
19 silly cache add   name: 'detect-character-encoding',
19 silly cache add   rawSpec: '',
19 silly cache add   spec: 'latest',
19 silly cache add   type: 'tag' }
20 silly addNamed detect-character-encoding@latest
21 verbose addNamed "latest" is being treated as a dist-tag for detect-character-encoding
22 info addNameTag [ 'detect-character-encoding', 'latest' ]
23 silly mapToRegistry name detect-character-encoding
24 silly mapToRegistry using default registry
25 silly mapToRegistry registry https://registry.npmjs.org/
26 silly mapToRegistry data Result {
26 silly mapToRegistry   raw: 'detect-character-encoding',
26 silly mapToRegistry   scope: null,
26 silly mapToRegistry   name: 'detect-character-encoding',
26 silly mapToRegistry   rawSpec: '',
26 silly mapToRegistry   spec: 'latest',
26 silly mapToRegistry   type: 'tag' }
27 silly mapToRegistry uri https://registry.npmjs.org/detect-character-encoding
28 verbose addNameTag registry:https://registry.npmjs.org/detect-character-encoding not in flight; fetching
29 verbose get https://registry.npmjs.org/detect-character-encoding not expired, no request
30 silly addNameTag next cb for detect-character-encoding with tag latest
31 silly addNamed detect-character-encoding@0.5.1
32 verbose addNamed "0.5.1" is a plain semver version for detect-character-encoding
33 silly cache afterAdd detect-character-encoding@0.5.1
34 verbose afterAdd /Users/jeongjinyong/.npm/detect-character-encoding/0.5.1/package/package.json not in flight; writing
35 verbose correctMkdir /Users/jeongjinyong/.npm correctMkdir not in flight; initializing
36 verbose afterAdd /Users/jeongjinyong/.npm/detect-character-encoding/0.5.1/package/package.json written
37 silly install resolved [ { name: 'detect-character-encoding',
37 silly install resolved     version: '0.5.1',
37 silly install resolved     author: { name: 'Jakob Krigovsky', email: 'jakob@krigovsky.com' },
37 silly install resolved     description: 'Detect character encoding using ICU.',
37 silly install resolved     repository:
37 silly install resolved      { type: 'git',
37 silly install resolved        url: 'git+https://github.com/sonicdoe/detect-character-encoding.git' },
37 silly install resolved     keywords: [ 'detect', 'character', 'encoding', 'charset', 'icu' ],
37 silly install resolved     license: 'BSD-2-Clause',
37 silly install resolved     files:
37 silly install resolved      [ 'vendor/icu',
37 silly install resolved        'binding.gyp',
37 silly install resolved        'config.gypi',
37 silly install resolved        'icuWrapper.cpp',
37 silly install resolved        'index.js',
37 silly install resolved        'LICENSE' ],
37 silly install resolved     scripts: { test: 'xo && mocha', install: 'node-gyp rebuild' },
37 silly install resolved     dependencies: { bindings: '^1.2.1', nan: '^2.0.9' },
37 silly install resolved     devDependencies: { mocha: '^3.2.0', xo: '^0.18.2' },
37 silly install resolved     engines: { node: '>=4' },
37 silly install resolved     xo: { globals: [Object], rules: [Object] },
37 silly install resolved     gypfile: true,
37 silly install resolved     gitHead: 'd259f4ba10555f065ad36d9f908bb9fcf9c7776c',
37 silly install resolved     bugs: { url: 'https://github.com/sonicdoe/detect-character-encoding/issues' },
37 silly install resolved     homepage: 'https://github.com/sonicdoe/detect-character-encoding#readme',
37 silly install resolved     _id: 'detect-character-encoding@0.5.1',
37 silly install resolved     _npmVersion: '5.4.0',
37 silly install resolved     _nodeVersion: '8.2.1',
37 silly install resolved     _npmUser: { name: 'sonicdoe', email: 'jakob@krigovsky.com' },
37 silly install resolved     dist:
37 silly install resolved      { integrity: 'sha512-Dc2MB8TZ1iB1ZyXUVOqhiG+rR/YQZo7KlyfO2jioiA5s7Fo339FRvQXLRn7p/heQHxvV8XZe3wfBKkTIuv+PlA==',
37 silly install resolved        shasum: '5273dbd470e9c7fc190cafa3e2430e50defb46fa',
37 silly install resolved        tarball: 'https://registry.npmjs.org/detect-character-encoding/-/detect-character-encoding-0.5.1.tgz' },
37 silly install resolved     maintainers: [ [Object] ],
37 silly install resolved     _npmOperationalInternal:
37 silly install resolved      { host: 's3://npm-registry-packages',
37 silly install resolved        tmp: 'tmp/detect-character-encoding-0.5.1.tgz_1504949920377_0.8168046262580901' },
37 silly install resolved     directories: {},
37 silly install resolved     _shasum: '5273dbd470e9c7fc190cafa3e2430e50defb46fa',
37 silly install resolved     _resolved: 'https://registry.npmjs.org/detect-character-encoding/-/detect-character-encoding-0.5.1.tgz',
37 silly install resolved     _from: 'detect-character-encoding@latest',
37 silly install resolved     readme: 'ERROR: No README data found!' } ]
38 info install detect-character-encoding@0.5.1 into /Users/jeongjinyong/Desktop/project/test/node/node_test
39 info installOne detect-character-encoding@0.5.1
40 verbose installOne of detect-character-encoding to /Users/jeongjinyong/Desktop/project/test/node/node_test not in flight; installing
41 verbose correctMkdir /Users/jeongjinyong/.npm/_locks correctMkdir not in flight; initializing
42 verbose lock using /Users/jeongjinyong/.npm/_locks/detect-character-encodin-72023a82800d511e.lock for /Users/jeongjinyong/Desktop/project/test/node/node_test/node_modules/detect-character-encoding
43 silly install write writing detect-character-encoding 0.5.1 to /Users/jeongjinyong/Desktop/project/test/node/node_test/node_modules/detect-character-encoding
44 verbose unbuild node_modules/detect-character-encoding
45 silly gentlyRm /Users/jeongjinyong/Desktop/project/test/node/node_test/node_modules/detect-character-encoding is being purged from base /Users/jeongjinyong/Desktop/project/test/node/node_test
46 verbose gentlyRm don't care about contents; nuking /Users/jeongjinyong/Desktop/project/test/node/node_test/node_modules/detect-character-encoding
47 verbose tar unpack /Users/jeongjinyong/.npm/detect-character-encoding/0.5.1/package.tgz
48 verbose tar unpacking to /Users/jeongjinyong/Desktop/project/test/node/node_test/node_modules/detect-character-encoding
49 silly gentlyRm /Users/jeongjinyong/Desktop/project/test/node/node_test/node_modules/detect-character-encoding is being purged
50 verbose gentlyRm don't care about contents; nuking /Users/jeongjinyong/Desktop/project/test/node/node_test/node_modules/detect-character-encoding
51 silly gunzTarPerm modes [ '755', '644' ]
52 silly gunzTarPerm extractEntry package.json
53 silly gunzTarPerm extractEntry binding.gyp
54 silly gunzTarPerm extractEntry config.gypi
55 silly gunzTarPerm extractEntry icuWrapper.cpp
56 silly gunzTarPerm extractEntry index.js
57 silly gunzTarPerm extractEntry LICENSE
58 silly gunzTarPerm extractEntry README.md
59 silly gunzTarPerm extractEntry vendor/icu/common/appendable.cpp
60 silly gunzTarPerm extractEntry vendor/icu/common/bmpset.cpp
61 silly gunzTarPerm extractEntry vendor/icu/common/bmpset.h
62 silly gunzTarPerm extractEntry vendor/icu/common/brkeng.cpp
63 silly gunzTarPerm extractEntry vendor/icu/common/brkeng.h
64 silly gunzTarPerm extractEntry vendor/icu/common/brkiter.cpp
65 silly gunzTarPerm extractEntry vendor/icu/common/bytestream.cpp
66 silly gunzTarPerm extractEntry vendor/icu/common/bytestrie.cpp
67 silly gunzTarPerm extractEntry vendor/icu/common/bytestriebuilder.cpp
68 silly gunzTarPerm extractEntry vendor/icu/common/bytestrieiterator.cpp
69 silly gunzTarPerm extractEntry vendor/icu/common/caniter.cpp
70 silly gunzTarPerm extractEntry vendor/icu/common/chariter.cpp
71 silly gunzTarPerm extractEntry vendor/icu/common/charstr.cpp
72 silly gunzTarPerm extractEntry vendor/icu/common/charstr.h
73 silly gunzTarPerm extractEntry vendor/icu/common/cmemory.cpp
74 silly gunzTarPerm extractEntry vendor/icu/common/cmemory.h
75 silly gunzTarPerm extractEntry vendor/icu/common/common.rc
76 silly gunzTarPerm extractEntry vendor/icu/common/cpputils.h
77 silly gunzTarPerm extractEntry vendor/icu/common/cstr.cpp
78 silly gunzTarPerm extractEntry vendor/icu/common/cstr.h
79 silly gunzTarPerm extractEntry vendor/icu/common/cstring.cpp
80 silly gunzTarPerm extractEntry vendor/icu/common/cstring.h
81 silly gunzTarPerm extractEntry vendor/icu/common/cwchar.cpp
82 silly gunzTarPerm extractEntry vendor/icu/common/cwchar.h
83 silly gunzTarPerm extractEntry vendor/icu/common/dictbe.cpp
84 silly gunzTarPerm extractEntry vendor/icu/common/dictbe.h
85 silly gunzTarPerm extractEntry vendor/icu/common/dictionarydata.cpp
86 silly gunzTarPerm extractEntry vendor/icu/common/dictionarydata.h
87 silly gunzTarPerm extractEntry vendor/icu/common/dtintrv.cpp
88 silly gunzTarPerm extractEntry vendor/icu/common/edits.cpp
89 silly gunzTarPerm extractEntry vendor/icu/common/errorcode.cpp
90 silly gunzTarPerm extractEntry vendor/icu/common/filteredbrk.cpp
91 silly gunzTarPerm extractEntry vendor/icu/common/filterednormalizer2.cpp
92 silly gunzTarPerm extractEntry vendor/icu/common/hash.h
93 silly gunzTarPerm extractEntry vendor/icu/common/icudataver.cpp
94 silly gunzTarPerm extractEntry vendor/icu/common/icuplug.cpp
95 silly gunzTarPerm extractEntry vendor/icu/common/icuplugimp.h
96 silly gunzTarPerm extractEntry vendor/icu/common/listformatter.cpp
97 silly gunzTarPerm extractEntry vendor/icu/common/loadednormalizer2impl.cpp
98 silly gunzTarPerm extractEntry vendor/icu/common/localsvc.h
99 silly gunzTarPerm extractEntry vendor/icu/common/locavailable.cpp
100 silly gunzTarPerm extractEntry vendor/icu/common/locbased.cpp
101 silly gunzTarPerm extractEntry vendor/icu/common/locbased.h
102 silly gunzTarPerm extractEntry vendor/icu/common/locdispnames.cpp
103 silly gunzTarPerm extractEntry vendor/icu/common/locdspnm.cpp
104 silly gunzTarPerm extractEntry vendor/icu/common/locid.cpp
105 silly gunzTarPerm extractEntry vendor/icu/common/loclikely.cpp
106 silly gunzTarPerm extractEntry vendor/icu/common/locmap.cpp
107 silly gunzTarPerm extractEntry vendor/icu/common/locmap.h
108 silly gunzTarPerm extractEntry vendor/icu/common/locresdata.cpp
109 silly gunzTarPerm extractEntry vendor/icu/common/locutil.cpp
110 silly gunzTarPerm extractEntry vendor/icu/common/locutil.h
111 silly gunzTarPerm extractEntry vendor/icu/common/messageimpl.h
112 silly gunzTarPerm extractEntry vendor/icu/common/messagepattern.cpp
113 silly gunzTarPerm extractEntry vendor/icu/common/msvcres.h
114 silly gunzTarPerm extractEntry vendor/icu/common/mutex.h
115 silly gunzTarPerm extractEntry vendor/icu/common/norm2_nfc_data.h
116 silly gunzTarPerm extractEntry vendor/icu/common/norm2allmodes.h
117 silly gunzTarPerm extractEntry vendor/icu/common/normalizer2.cpp
118 silly gunzTarPerm extractEntry vendor/icu/common/normalizer2impl.cpp
119 silly gunzTarPerm extractEntry vendor/icu/common/normalizer2impl.h
120 silly gunzTarPerm extractEntry vendor/icu/common/normlzr.cpp
121 silly gunzTarPerm extractEntry vendor/icu/common/parsepos.cpp
122 silly gunzTarPerm extractEntry vendor/icu/common/patternprops.cpp
123 silly gunzTarPerm extractEntry vendor/icu/common/patternprops.h
124 silly gunzTarPerm extractEntry vendor/icu/common/pluralmap.cpp
125 silly gunzTarPerm extractEntry vendor/icu/common/pluralmap.h
126 silly gunzTarPerm extractEntry vendor/icu/common/propname_data.h
127 silly gunzTarPerm extractEntry vendor/icu/common/propname.cpp
128 silly gunzTarPerm extractEntry vendor/icu/common/propname.h
129 silly gunzTarPerm extractEntry vendor/icu/common/propsvec.cpp
130 silly gunzTarPerm extractEntry vendor/icu/common/propsvec.h
131 silly gunzTarPerm extractEntry vendor/icu/common/punycode.cpp
132 silly gunzTarPerm extractEntry vendor/icu/common/punycode.h
133 silly gunzTarPerm extractEntry vendor/icu/common/putil.cpp
134 silly gunzTarPerm extractEntry vendor/icu/common/putilimp.h
135 silly gunzTarPerm extractEntry vendor/icu/common/rbbi.cpp
136 silly gunzTarPerm extractEntry vendor/icu/common/rbbicst.pl
137 silly gunzTarPerm extractEntry vendor/icu/common/rbbidata.cpp
138 silly gunzTarPerm extractEntry vendor/icu/common/rbbidata.h
139 silly gunzTarPerm extractEntry vendor/icu/common/rbbinode.cpp
140 silly gunzTarPerm extractEntry vendor/icu/common/rbbinode.h
141 silly gunzTarPerm extractEntry vendor/icu/common/rbbirb.cpp
142 silly gunzTarPerm extractEntry vendor/icu/common/rbbirb.h
143 silly gunzTarPerm extractEntry vendor/icu/common/rbbirpt.h
144 silly gunzTarPerm extractEntry vendor/icu/common/rbbiscan.cpp
145 silly gunzTarPerm extractEntry vendor/icu/common/rbbiscan.h
146 silly gunzTarPerm extractEntry vendor/icu/common/rbbisetb.cpp
147 silly gunzTarPerm extractEntry vendor/icu/common/rbbisetb.h
148 silly gunzTarPerm extractEntry vendor/icu/common/rbbistbl.cpp
149 silly gunzTarPerm extractEntry vendor/icu/common/rbbitblb.cpp
150 silly gunzTarPerm extractEntry vendor/icu/common/rbbitblb.h
151 silly gunzTarPerm extractEntry vendor/icu/common/resbund_cnv.cpp
152 silly gunzTarPerm extractEntry vendor/icu/common/resbund.cpp
153 silly gunzTarPerm extractEntry vendor/icu/common/resource.cpp
154 silly gunzTarPerm extractEntry vendor/icu/common/resource.h
155 silly gunzTarPerm extractEntry vendor/icu/common/ruleiter.cpp
156 silly gunzTarPerm extractEntry vendor/icu/common/ruleiter.h
157 silly gunzTarPerm extractEntry vendor/icu/common/schriter.cpp
158 silly gunzTarPerm extractEntry vendor/icu/common/serv.cpp
159 silly gunzTarPerm extractEntry vendor/icu/common/serv.h
160 silly gunzTarPerm extractEntry vendor/icu/common/servlk.cpp
161 silly gunzTarPerm extractEntry vendor/icu/common/servlkf.cpp
162 silly gunzTarPerm extractEntry vendor/icu/common/servloc.h
163 silly gunzTarPerm extractEntry vendor/icu/common/servls.cpp
164 silly gunzTarPerm extractEntry vendor/icu/common/servnotf.cpp
165 silly gunzTarPerm extractEntry vendor/icu/common/servnotf.h
166 silly gunzTarPerm extractEntry vendor/icu/common/servrbf.cpp
167 silly gunzTarPerm extractEntry vendor/icu/common/servslkf.cpp
168 silly gunzTarPerm extractEntry vendor/icu/common/sharedobject.cpp
169 silly gunzTarPerm extractEntry vendor/icu/common/sharedobject.h
170 silly gunzTarPerm extractEntry vendor/icu/common/simpleformatter.cpp
171 silly gunzTarPerm extractEntry vendor/icu/common/sprpimpl.h
172 silly gunzTarPerm extractEntry vendor/icu/common/stringpiece.cpp
173 silly gunzTarPerm extractEntry vendor/icu/common/stringtriebuilder.cpp
174 silly gunzTarPerm extractEntry vendor/icu/common/uarrsort.cpp
175 silly gunzTarPerm extractEntry vendor/icu/common/uarrsort.h
176 silly gunzTarPerm extractEntry vendor/icu/common/uassert.h
177 silly gunzTarPerm extractEntry vendor/icu/common/ubidi_props_data.h
178 silly gunzTarPerm extractEntry vendor/icu/common/ubidi_props.cpp
179 silly gunzTarPerm extractEntry vendor/icu/common/ubidi_props.h
180 silly gunzTarPerm extractEntry vendor/icu/common/ubidi.cpp
181 silly gunzTarPerm extractEntry vendor/icu/common/ubidiimp.h
182 silly gunzTarPerm extractEntry vendor/icu/common/ubidiln.cpp
183 silly gunzTarPerm extractEntry vendor/icu/common/ubiditransform.cpp
184 silly gunzTarPerm extractEntry vendor/icu/common/ubidiwrt.cpp
185 silly gunzTarPerm extractEntry vendor/icu/common/ubrk.cpp
186 silly gunzTarPerm extractEntry vendor/icu/common/ubrkimpl.h
187 silly gunzTarPerm extractEntry vendor/icu/common/ucase_props_data.h
188 silly gunzTarPerm extractEntry vendor/icu/common/ucase.cpp
189 silly gunzTarPerm extractEntry vendor/icu/common/ucase.h
190 silly gunzTarPerm extractEntry vendor/icu/common/ucasemap_imp.h
191 silly gunzTarPerm extractEntry vendor/icu/common/ucasemap_titlecase_brkiter.cpp
192 silly gunzTarPerm extractEntry vendor/icu/common/ucasemap.cpp
193 silly gunzTarPerm extractEntry vendor/icu/common/ucat.cpp
194 silly gunzTarPerm extractEntry vendor/icu/common/uchar_props_data.h
195 silly gunzTarPerm extractEntry vendor/icu/common/uchar.cpp
196 silly gunzTarPerm extractEntry vendor/icu/common/ucharstrie.cpp
197 silly gunzTarPerm extractEntry vendor/icu/common/ucharstriebuilder.cpp
198 silly gunzTarPerm extractEntry vendor/icu/common/ucharstrieiterator.cpp
199 silly gunzTarPerm extractEntry vendor/icu/common/uchriter.cpp
200 silly gunzTarPerm extractEntry vendor/icu/common/ucln_cmn.cpp
201 silly gunzTarPerm extractEntry vendor/icu/common/ucln_cmn.h
202 silly gunzTarPerm extractEntry vendor/icu/common/ucln_imp.h
203 silly gunzTarPerm extractEntry vendor/icu/common/ucln.h
204 silly gunzTarPerm extractEntry vendor/icu/common/ucmndata.cpp
205 silly gunzTarPerm extractEntry vendor/icu/common/ucmndata.h
206 silly gunzTarPerm extractEntry vendor/icu/common/ucnv_bld.cpp
207 silly gunzTarPerm extractEntry vendor/icu/common/ucnv_bld.h
208 silly gunzTarPerm extractEntry vendor/icu/common/ucnv_cb.cpp
209 silly gunzTarPerm extractEntry vendor/icu/common/ucnv_cnv.cpp
210 silly gunzTarPerm extractEntry vendor/icu/common/ucnv_cnv.h
211 silly gunzTarPerm extractEntry vendor/icu/common/ucnv_ct.cpp
212 silly gunzTarPerm extractEntry vendor/icu/common/ucnv_err.cpp
213 silly gunzTarPerm extractEntry vendor/icu/common/ucnv_ext.cpp
214 silly gunzTarPerm extractEntry vendor/icu/common/ucnv_ext.h
215 silly gunzTarPerm extractEntry vendor/icu/common/ucnv_imp.h
216 silly gunzTarPerm extractEntry vendor/icu/common/ucnv_io.cpp
217 silly gunzTarPerm extractEntry vendor/icu/common/ucnv_io.h
218 silly gunzTarPerm extractEntry vendor/icu/common/ucnv_lmb.cpp
219 silly gunzTarPerm extractEntry vendor/icu/common/ucnv_set.cpp
220 silly gunzTarPerm extractEntry vendor/icu/common/ucnv_u16.cpp
221 silly gunzTarPerm extractEntry vendor/icu/common/ucnv_u32.cpp
222 silly gunzTarPerm extractEntry vendor/icu/common/ucnv_u7.cpp
223 silly gunzTarPerm extractEntry vendor/icu/common/ucnv_u8.cpp
224 silly gunzTarPerm extractEntry vendor/icu/common/ucnv.cpp
225 silly gunzTarPerm extractEntry vendor/icu/common/ucnv2022.cpp
226 silly gunzTarPerm extractEntry vendor/icu/common/ucnvbocu.cpp
227 silly gunzTarPerm extractEntry vendor/icu/common/ucnvdisp.cpp
228 silly gunzTarPerm extractEntry vendor/icu/common/ucnvhz.cpp
229 silly gunzTarPerm extractEntry vendor/icu/common/ucnvisci.cpp
230 silly gunzTarPerm extractEntry vendor/icu/common/ucnvlat1.cpp
231 silly gunzTarPerm extractEntry vendor/icu/common/ucnvmbcs.cpp
232 silly gunzTarPerm extractEntry vendor/icu/common/ucnvmbcs.h
233 silly gunzTarPerm extractEntry vendor/icu/common/ucnvscsu.cpp
234 silly gunzTarPerm extractEntry vendor/icu/common/ucnvsel.cpp
235 silly gunzTarPerm extractEntry vendor/icu/common/ucol_data.h
236 silly gunzTarPerm extractEntry vendor/icu/common/ucol_swp.cpp
237 silly gunzTarPerm extractEntry vendor/icu/common/ucol_swp.h
238 silly gunzTarPerm extractEntry vendor/icu/common/ucurr.cpp
239 silly gunzTarPerm extractEntry vendor/icu/common/ucurrimp.h
240 silly gunzTarPerm extractEntry vendor/icu/common/udata.cpp
241 silly gunzTarPerm extractEntry vendor/icu/common/udatamem.cpp
242 silly gunzTarPerm extractEntry vendor/icu/common/udatamem.h
243 silly gunzTarPerm extractEntry vendor/icu/common/udataswp.cpp
244 silly gunzTarPerm extractEntry vendor/icu/common/udataswp.h
245 silly gunzTarPerm extractEntry vendor/icu/common/uelement.h
246 silly gunzTarPerm extractEntry vendor/icu/common/uenum.cpp
247 silly gunzTarPerm extractEntry vendor/icu/common/uenumimp.h
248 silly gunzTarPerm extractEntry vendor/icu/common/uhash_us.cpp
249 silly gunzTarPerm extractEntry vendor/icu/common/uhash.cpp
250 silly gunzTarPerm extractEntry vendor/icu/common/uhash.h
251 silly gunzTarPerm extractEntry vendor/icu/common/uidna.cpp
252 silly gunzTarPerm extractEntry vendor/icu/common/uinit.cpp
253 silly gunzTarPerm extractEntry vendor/icu/common/uinvchar.cpp
254 silly gunzTarPerm extractEntry vendor/icu/common/uinvchar.h
255 silly gunzTarPerm extractEntry vendor/icu/common/uiter.cpp
256 silly gunzTarPerm extractEntry vendor/icu/common/ulist.cpp
257 silly gunzTarPerm extractEntry vendor/icu/common/ulist.h
258 silly gunzTarPerm extractEntry vendor/icu/common/ulistformatter.cpp
259 silly gunzTarPerm extractEntry vendor/icu/common/uloc_keytype.cpp
260 silly gunzTarPerm extractEntry vendor/icu/common/uloc_tag.cpp
261 silly gunzTarPerm extractEntry vendor/icu/common/uloc.cpp
262 silly gunzTarPerm extractEntry vendor/icu/common/ulocimp.h
263 silly gunzTarPerm extractEntry vendor/icu/common/umapfile.cpp
264 silly gunzTarPerm extractEntry vendor/icu/common/umapfile.h
265 silly gunzTarPerm extractEntry vendor/icu/common/umath.cpp
266 silly gunzTarPerm extractEntry vendor/icu/common/umutex.cpp
267 silly gunzTarPerm extractEntry vendor/icu/common/umutex.h
268 silly gunzTarPerm extractEntry vendor/icu/common/unames.cpp
269 silly gunzTarPerm extractEntry vendor/icu/common/unicode/appendable.h
270 silly gunzTarPerm extractEntry vendor/icu/common/unicode/brkiter.h
271 silly gunzTarPerm extractEntry vendor/icu/common/unicode/bytestream.h
272 silly gunzTarPerm extractEntry vendor/icu/common/unicode/bytestrie.h
273 silly gunzTarPerm extractEntry vendor/icu/common/unicode/bytestriebuilder.h
274 silly gunzTarPerm extractEntry vendor/icu/common/unicode/caniter.h
275 silly gunzTarPerm extractEntry vendor/icu/common/unicode/casemap.h
276 silly gunzTarPerm extractEntry vendor/icu/common/unicode/char16ptr.h
277 silly gunzTarPerm extractEntry vendor/icu/common/unicode/chariter.h
278 silly gunzTarPerm extractEntry vendor/icu/common/unicode/dbbi.h
279 silly gunzTarPerm extractEntry vendor/icu/common/unicode/docmain.h
280 silly gunzTarPerm extractEntry vendor/icu/common/unicode/dtintrv.h
281 silly gunzTarPerm extractEntry vendor/icu/common/unicode/edits.h
282 silly gunzTarPerm extractEntry vendor/icu/common/unicode/enumset.h
283 silly gunzTarPerm extractEntry vendor/icu/common/unicode/errorcode.h
284 silly gunzTarPerm extractEntry vendor/icu/common/unicode/filteredbrk.h
285 silly gunzTarPerm extractEntry vendor/icu/common/unicode/icudataver.h
286 silly gunzTarPerm extractEntry vendor/icu/common/unicode/icuplug.h
287 silly gunzTarPerm extractEntry vendor/icu/common/unicode/idna.h
288 silly gunzTarPerm extractEntry vendor/icu/common/unicode/listformatter.h
289 silly gunzTarPerm extractEntry vendor/icu/common/unicode/localpointer.h
290 silly gunzTarPerm extractEntry vendor/icu/common/unicode/locdspnm.h
291 silly gunzTarPerm extractEntry vendor/icu/common/unicode/locid.h
292 silly gunzTarPerm extractEntry vendor/icu/common/unicode/messagepattern.h
293 silly gunzTarPerm extractEntry vendor/icu/common/unicode/normalizer2.h
294 silly gunzTarPerm extractEntry vendor/icu/common/unicode/normlzr.h
295 silly gunzTarPerm extractEntry vendor/icu/common/unicode/parseerr.h
296 silly gunzTarPerm extractEntry vendor/icu/common/unicode/parsepos.h
297 silly gunzTarPerm extractEntry vendor/icu/common/unicode/platform.h
298 silly gunzTarPerm extractEntry vendor/icu/common/unicode/ptypes.h
299 silly gunzTarPerm extractEntry vendor/icu/common/unicode/putil.h
300 silly gunzTarPerm extractEntry vendor/icu/common/unicode/rbbi.h
301 silly gunzTarPerm extractEntry vendor/icu/common/unicode/rep.h
302 silly gunzTarPerm extractEntry vendor/icu/common/unicode/resbund.h
303 silly gunzTarPerm extractEntry vendor/icu/common/unicode/schriter.h
304 silly gunzTarPerm extractEntry vendor/icu/common/unicode/simpleformatter.h
305 silly gunzTarPerm extractEntry vendor/icu/common/unicode/std_string.h
306 silly gunzTarPerm extractEntry vendor/icu/common/unicode/strenum.h
307 silly gunzTarPerm extractEntry vendor/icu/common/unicode/stringpiece.h
308 silly gunzTarPerm extractEntry vendor/icu/common/unicode/stringtriebuilder.h
309 silly gunzTarPerm extractEntry vendor/icu/common/unicode/symtable.h
310 silly gunzTarPerm extractEntry vendor/icu/common/unicode/ubidi.h
311 silly gunzTarPerm extractEntry vendor/icu/common/unicode/ubiditransform.h
312 silly gunzTarPerm extractEntry vendor/icu/common/unicode/ubrk.h
313 silly gunzTarPerm extractEntry vendor/icu/common/unicode/ucasemap.h
314 silly gunzTarPerm extractEntry vendor/icu/common/unicode/ucat.h
315 silly gunzTarPerm extractEntry vendor/icu/common/unicode/uchar.h
316 silly gunzTarPerm extractEntry vendor/icu/common/unicode/ucharstrie.h
317 silly gunzTarPerm extractEntry vendor/icu/common/unicode/ucharstriebuilder.h
318 silly gunzTarPerm extractEntry vendor/icu/common/unicode/uchriter.h
319 silly gunzTarPerm extractEntry vendor/icu/common/unicode/uclean.h
320 silly gunzTarPerm extractEntry vendor/icu/common/unicode/ucnv_cb.h
321 silly gunzTarPerm extractEntry vendor/icu/common/unicode/ucnv_err.h
322 silly gunzTarPerm extractEntry vendor/icu/common/unicode/ucnv.h
323 silly gunzTarPerm extractEntry vendor/icu/common/unicode/ucnvsel.h
324 silly gunzTarPerm extractEntry vendor/icu/common/unicode/uconfig.h
325 silly gunzTarPerm extractEntry vendor/icu/common/unicode/ucurr.h
326 silly gunzTarPerm extractEntry vendor/icu/common/unicode/udata.h
327 silly gunzTarPerm extractEntry vendor/icu/common/unicode/udisplaycontext.h
328 silly gunzTarPerm extractEntry vendor/icu/common/unicode/uenum.h
329 silly gunzTarPerm extractEntry vendor/icu/common/unicode/uidna.h
330 silly gunzTarPerm extractEntry vendor/icu/common/unicode/uiter.h
331 silly gunzTarPerm extractEntry vendor/icu/common/unicode/uldnames.h
332 silly gunzTarPerm extractEntry vendor/icu/common/unicode/ulistformatter.h
333 silly gunzTarPerm extractEntry vendor/icu/common/unicode/uloc.h
334 silly gunzTarPerm extractEntry vendor/icu/common/unicode/umachine.h
335 silly gunzTarPerm extractEntry vendor/icu/common/unicode/umisc.h
336 silly gunzTarPerm extractEntry vendor/icu/common/unicode/unifilt.h
337 silly gunzTarPerm extractEntry vendor/icu/common/unicode/unifunct.h
338 silly gunzTarPerm extractEntry vendor/icu/common/unicode/unimatch.h
339 silly gunzTarPerm extractEntry vendor/icu/common/unicode/uniset.h
340 silly gunzTarPerm extractEntry vendor/icu/common/unicode/unistr.h
341 silly gunzTarPerm extractEntry vendor/icu/common/unicode/unorm.h
342 silly gunzTarPerm extractEntry vendor/icu/common/unicode/unorm2.h
343 silly gunzTarPerm extractEntry vendor/icu/common/unicode/uobject.h
344 silly gunzTarPerm extractEntry vendor/icu/common/unicode/urename.h
345 silly gunzTarPerm extractEntry vendor/icu/common/unicode/urep.h
346 silly gunzTarPerm extractEntry vendor/icu/common/unicode/ures.h
347 silly gunzTarPerm extractEntry vendor/icu/common/unicode/uscript.h
348 silly gunzTarPerm extractEntry vendor/icu/common/unicode/uset.h
349 silly gunzTarPerm extractEntry vendor/icu/common/unicode/usetiter.h
350 silly gunzTarPerm extractEntry vendor/icu/common/unicode/ushape.h
351 silly gunzTarPerm extractEntry vendor/icu/common/unicode/usprep.h
352 silly gunzTarPerm extractEntry vendor/icu/common/unicode/ustring.h
353 silly gunzTarPerm extractEntry vendor/icu/common/unicode/ustringtrie.h
354 silly gunzTarPerm extractEntry vendor/icu/common/unicode/utext.h
355 silly gunzTarPerm extractEntry vendor/icu/common/unicode/utf_old.h
356 silly gunzTarPerm extractEntry vendor/icu/common/unicode/utf.h
357 silly gunzTarPerm extractEntry vendor/icu/common/unicode/utf16.h
358 silly gunzTarPerm extractEntry vendor/icu/common/unicode/utf32.h
359 silly gunzTarPerm extractEntry vendor/icu/common/unicode/utf8.h
360 silly gunzTarPerm extractEntry vendor/icu/common/unicode/utrace.h
361 silly gunzTarPerm extractEntry vendor/icu/common/unicode/utypes.h
362 silly gunzTarPerm extractEntry vendor/icu/common/unicode/uvernum.h
363 silly gunzTarPerm extractEntry vendor/icu/common/unicode/uversion.h
364 silly gunzTarPerm extractEntry vendor/icu/common/unifiedcache.cpp
365 silly gunzTarPerm extractEntry vendor/icu/common/unifiedcache.h
366 silly gunzTarPerm extractEntry vendor/icu/common/unifilt.cpp
367 silly gunzTarPerm extractEntry vendor/icu/common/unifunct.cpp
368 silly gunzTarPerm extractEntry vendor/icu/common/uniset_closure.cpp
369 silly gunzTarPerm extractEntry vendor/icu/common/uniset_props.cpp
370 silly gunzTarPerm extractEntry vendor/icu/common/uniset.cpp
371 silly gunzTarPerm extractEntry vendor/icu/common/unisetspan.cpp
372 silly gunzTarPerm extractEntry vendor/icu/common/unisetspan.h
373 silly gunzTarPerm extractEntry vendor/icu/common/unistr_case_locale.cpp
374 silly gunzTarPerm extractEntry vendor/icu/common/unistr_case.cpp
375 silly gunzTarPerm extractEntry vendor/icu/common/unistr_cnv.cpp
376 silly gunzTarPerm extractEntry vendor/icu/common/unistr_props.cpp
377 silly gunzTarPerm extractEntry vendor/icu/common/unistr_titlecase_brkiter.cpp
378 silly gunzTarPerm extractEntry vendor/icu/common/unistr.cpp
379 silly gunzTarPerm extractEntry vendor/icu/common/unistrappender.h
380 silly gunzTarPerm extractEntry vendor/icu/common/unorm.cpp
381 silly gunzTarPerm extractEntry vendor/icu/common/unormcmp.cpp
382 silly gunzTarPerm extractEntry vendor/icu/common/unormimp.h
383 silly gunzTarPerm extractEntry vendor/icu/common/uobject.cpp
384 silly gunzTarPerm extractEntry vendor/icu/common/uposixdefs.h
385 silly gunzTarPerm extractEntry vendor/icu/common/uprops.cpp
386 silly gunzTarPerm extractEntry vendor/icu/common/uprops.h
387 silly gunzTarPerm extractEntry vendor/icu/common/ures_cnv.cpp
388 silly gunzTarPerm extractEntry vendor/icu/common/uresbund.cpp
389 silly gunzTarPerm extractEntry vendor/icu/common/uresdata.cpp
390 silly gunzTarPerm extractEntry vendor/icu/common/uresdata.h
391 silly gunzTarPerm extractEntry vendor/icu/common/uresimp.h
392 silly gunzTarPerm extractEntry vendor/icu/common/ureslocs.h
393 silly gunzTarPerm extractEntry vendor/icu/common/usc_impl.cpp
394 silly gunzTarPerm extractEntry vendor/icu/common/usc_impl.h
395 silly gunzTarPerm extractEntry vendor/icu/common/uscript_props.cpp
396 silly gunzTarPerm extractEntry vendor/icu/common/uscript.cpp
397 silly gunzTarPerm extractEntry vendor/icu/common/uset_imp.h
398 silly gunzTarPerm extractEntry vendor/icu/common/uset_props.cpp
399 silly gunzTarPerm extractEntry vendor/icu/common/uset.cpp
400 silly gunzTarPerm extractEntry vendor/icu/common/usetiter.cpp
401 silly gunzTarPerm extractEntry vendor/icu/common/ushape.cpp
402 silly gunzTarPerm extractEntry vendor/icu/common/usprep.cpp
403 silly gunzTarPerm extractEntry vendor/icu/common/ustack.cpp
404 silly gunzTarPerm extractEntry vendor/icu/common/ustr_cnv.cpp
405 silly gunzTarPerm extractEntry vendor/icu/common/ustr_cnv.h
406 silly gunzTarPerm extractEntry vendor/icu/common/ustr_imp.h
407 silly gunzTarPerm extractEntry vendor/icu/common/ustr_titlecase_brkiter.cpp
408 silly gunzTarPerm extractEntry vendor/icu/common/ustr_wcs.cpp
409 silly gunzTarPerm extractEntry vendor/icu/common/ustrcase_locale.cpp
410 silly gunzTarPerm extractEntry vendor/icu/common/ustrcase.cpp
411 silly gunzTarPerm extractEntry vendor/icu/common/ustrenum.cpp
412 silly gunzTarPerm extractEntry vendor/icu/common/ustrenum.h
413 silly gunzTarPerm extractEntry vendor/icu/common/ustrfmt.cpp
414 silly gunzTarPerm extractEntry vendor/icu/common/ustrfmt.h
415 silly gunzTarPerm extractEntry vendor/icu/common/ustring.cpp
416 silly gunzTarPerm extractEntry vendor/icu/common/ustrtrns.cpp
417 silly gunzTarPerm extractEntry vendor/icu/common/utext.cpp
418 silly gunzTarPerm extractEntry vendor/icu/common/utf_impl.cpp
419 silly gunzTarPerm extractEntry vendor/icu/common/util_props.cpp
420 silly gunzTarPerm extractEntry vendor/icu/common/util.cpp
421 silly gunzTarPerm extractEntry vendor/icu/common/util.h
422 silly gunzTarPerm extractEntry vendor/icu/common/utrace.cpp
423 silly gunzTarPerm extractEntry vendor/icu/common/utracimp.h
424 silly gunzTarPerm extractEntry vendor/icu/common/utrie.cpp
425 silly gunzTarPerm extractEntry vendor/icu/common/utrie.h
426 silly gunzTarPerm extractEntry vendor/icu/common/utrie2_builder.cpp
427 silly gunzTarPerm extractEntry vendor/icu/common/utrie2_impl.h
428 silly gunzTarPerm extractEntry vendor/icu/common/utrie2.cpp
429 silly gunzTarPerm extractEntry vendor/icu/common/utrie2.h
430 silly gunzTarPerm extractEntry vendor/icu/common/uts46.cpp
431 silly gunzTarPerm extractEntry vendor/icu/common/utypeinfo.h
432 silly gunzTarPerm extractEntry vendor/icu/common/utypes.cpp
433 silly gunzTarPerm extractEntry vendor/icu/common/uvector.cpp
434 silly gunzTarPerm extractEntry vendor/icu/common/uvector.h
435 silly gunzTarPerm extractEntry vendor/icu/common/uvectr32.cpp
436 silly gunzTarPerm extractEntry vendor/icu/common/uvectr32.h
437 silly gunzTarPerm extractEntry vendor/icu/common/uvectr64.cpp
438 silly gunzTarPerm extractEntry vendor/icu/common/uvectr64.h
439 silly gunzTarPerm extractEntry vendor/icu/common/wintz.cpp
440 silly gunzTarPerm extractEntry vendor/icu/common/wintz.h
441 silly gunzTarPerm extractEntry vendor/icu/data/in/icudt59l.dat
442 silly gunzTarPerm extractEntry vendor/icu/i18n/affixpatternparser.cpp
443 silly gunzTarPerm extractEntry vendor/icu/i18n/affixpatternparser.h
444 silly gunzTarPerm extractEntry vendor/icu/i18n/alphaindex.cpp
445 silly gunzTarPerm extractEntry vendor/icu/i18n/anytrans.cpp
446 silly gunzTarPerm extractEntry vendor/icu/i18n/anytrans.h
447 silly gunzTarPerm extractEntry vendor/icu/i18n/astro.cpp
448 silly gunzTarPerm extractEntry vendor/icu/i18n/astro.h
449 silly gunzTarPerm extractEntry vendor/icu/i18n/basictz.cpp
450 silly gunzTarPerm extractEntry vendor/icu/i18n/bocsu.cpp
451 silly gunzTarPerm extractEntry vendor/icu/i18n/bocsu.h
452 silly gunzTarPerm extractEntry vendor/icu/i18n/brktrans.cpp
453 silly gunzTarPerm extractEntry vendor/icu/i18n/brktrans.h
454 silly gunzTarPerm extractEntry vendor/icu/i18n/buddhcal.cpp
455 silly gunzTarPerm extractEntry vendor/icu/i18n/buddhcal.h
456 silly gunzTarPerm extractEntry vendor/icu/i18n/calendar.cpp
457 silly gunzTarPerm extractEntry vendor/icu/i18n/casetrn.cpp
458 silly gunzTarPerm extractEntry vendor/icu/i18n/casetrn.h
459 silly gunzTarPerm extractEntry vendor/icu/i18n/cecal.cpp
460 silly gunzTarPerm extractEntry vendor/icu/i18n/cecal.h
461 silly gunzTarPerm extractEntry vendor/icu/i18n/chnsecal.cpp
462 silly gunzTarPerm extractEntry vendor/icu/i18n/chnsecal.h
463 silly gunzTarPerm extractEntry vendor/icu/i18n/choicfmt.cpp
464 silly gunzTarPerm extractEntry vendor/icu/i18n/coleitr.cpp
465 silly gunzTarPerm extractEntry vendor/icu/i18n/coll.cpp
466 silly gunzTarPerm extractEntry vendor/icu/i18n/collation.cpp
467 silly gunzTarPerm extractEntry vendor/icu/i18n/collation.h
468 silly gunzTarPerm extractEntry vendor/icu/i18n/collationbuilder.cpp
469 silly gunzTarPerm extractEntry vendor/icu/i18n/collationbuilder.h
470 silly gunzTarPerm extractEntry vendor/icu/i18n/collationcompare.cpp
471 silly gunzTarPerm extractEntry vendor/icu/i18n/collationcompare.h
472 silly gunzTarPerm extractEntry vendor/icu/i18n/collationdata.cpp
473 silly gunzTarPerm extractEntry vendor/icu/i18n/collationdata.h
474 silly gunzTarPerm extractEntry vendor/icu/i18n/collationdatabuilder.cpp
475 silly gunzTarPerm extractEntry vendor/icu/i18n/collationdatabuilder.h
476 silly gunzTarPerm extractEntry vendor/icu/i18n/collationdatareader.cpp
477 silly gunzTarPerm extractEntry vendor/icu/i18n/collationdatareader.h
478 silly gunzTarPerm extractEntry vendor/icu/i18n/collationdatawriter.cpp
479 silly gunzTarPerm extractEntry vendor/icu/i18n/collationdatawriter.h
480 silly gunzTarPerm extractEntry vendor/icu/i18n/collationfastlatin.cpp
481 silly gunzTarPerm extractEntry vendor/icu/i18n/collationfastlatin.h
482 silly gunzTarPerm extractEntry vendor/icu/i18n/collationfastlatinbuilder.cpp
483 silly gunzTarPerm extractEntry vendor/icu/i18n/collationfastlatinbuilder.h
484 silly gunzTarPerm extractEntry vendor/icu/i18n/collationfcd.cpp
485 silly gunzTarPerm extractEntry vendor/icu/i18n/collationfcd.h
486 silly gunzTarPerm extractEntry vendor/icu/i18n/collationiterator.cpp
487 silly gunzTarPerm extractEntry vendor/icu/i18n/collationiterator.h
488 silly gunzTarPerm extractEntry vendor/icu/i18n/collationkeys.cpp
489 silly gunzTarPerm extractEntry vendor/icu/i18n/collationkeys.h
490 silly gunzTarPerm extractEntry vendor/icu/i18n/collationroot.cpp
491 silly gunzTarPerm extractEntry vendor/icu/i18n/collationroot.h
492 silly gunzTarPerm extractEntry vendor/icu/i18n/collationrootelements.cpp
493 silly gunzTarPerm extractEntry vendor/icu/i18n/collationrootelements.h
494 silly gunzTarPerm extractEntry vendor/icu/i18n/collationruleparser.cpp
495 silly gunzTarPerm extractEntry vendor/icu/i18n/collationruleparser.h
496 silly gunzTarPerm extractEntry vendor/icu/i18n/collationsets.cpp
497 silly gunzTarPerm extractEntry vendor/icu/i18n/collationsets.h
498 silly gunzTarPerm extractEntry vendor/icu/i18n/collationsettings.cpp
499 silly gunzTarPerm extractEntry vendor/icu/i18n/collationsettings.h
500 silly gunzTarPerm extractEntry vendor/icu/i18n/collationtailoring.cpp
501 silly gunzTarPerm extractEntry vendor/icu/i18n/collationtailoring.h
502 silly gunzTarPerm extractEntry vendor/icu/i18n/collationweights.cpp
503 silly gunzTarPerm extractEntry vendor/icu/i18n/collationweights.h
504 silly gunzTarPerm extractEntry vendor/icu/i18n/collunsafe.h
505 silly gunzTarPerm extractEntry vendor/icu/i18n/compactdecimalformat.cpp
506 silly gunzTarPerm extractEntry vendor/icu/i18n/coptccal.cpp
507 silly gunzTarPerm extractEntry vendor/icu/i18n/coptccal.h
508 silly gunzTarPerm extractEntry vendor/icu/i18n/cpdtrans.cpp
509 silly gunzTarPerm extractEntry vendor/icu/i18n/cpdtrans.h
510 silly gunzTarPerm extractEntry vendor/icu/i18n/csdetect.cpp
511 silly gunzTarPerm extractEntry vendor/icu/i18n/csdetect.h
512 silly gunzTarPerm extractEntry vendor/icu/i18n/csmatch.cpp
513 silly gunzTarPerm extractEntry vendor/icu/i18n/csmatch.h
514 silly gunzTarPerm extractEntry vendor/icu/i18n/csr2022.cpp
515 silly gunzTarPerm extractEntry vendor/icu/i18n/csr2022.h
516 silly gunzTarPerm extractEntry vendor/icu/i18n/csrecog.cpp
517 silly gunzTarPerm extractEntry vendor/icu/i18n/csrecog.h
518 silly gunzTarPerm extractEntry vendor/icu/i18n/csrmbcs.cpp
519 silly gunzTarPerm extractEntry vendor/icu/i18n/csrmbcs.h
520 silly gunzTarPerm extractEntry vendor/icu/i18n/csrsbcs.cpp
521 silly gunzTarPerm extractEntry vendor/icu/i18n/csrsbcs.h
522 silly gunzTarPerm extractEntry vendor/icu/i18n/csrucode.cpp
523 silly gunzTarPerm extractEntry vendor/icu/i18n/csrucode.h
524 silly gunzTarPerm extractEntry vendor/icu/i18n/csrutf8.cpp
525 silly gunzTarPerm extractEntry vendor/icu/i18n/csrutf8.h
526 silly gunzTarPerm extractEntry vendor/icu/i18n/curramt.cpp
527 silly gunzTarPerm extractEntry vendor/icu/i18n/currfmt.cpp
528 silly gunzTarPerm extractEntry vendor/icu/i18n/currfmt.h
529 silly gunzTarPerm extractEntry vendor/icu/i18n/currpinf.cpp
530 silly gunzTarPerm extractEntry vendor/icu/i18n/currunit.cpp
531 silly gunzTarPerm extractEntry vendor/icu/i18n/dangical.cpp
532 silly gunzTarPerm extractEntry vendor/icu/i18n/dangical.h
533 silly gunzTarPerm extractEntry vendor/icu/i18n/datefmt.cpp
534 silly gunzTarPerm extractEntry vendor/icu/i18n/dayperiodrules.cpp
535 silly gunzTarPerm extractEntry vendor/icu/i18n/dayperiodrules.h
536 silly gunzTarPerm extractEntry vendor/icu/i18n/dcfmtimp.h
537 silly gunzTarPerm extractEntry vendor/icu/i18n/dcfmtsym.cpp
538 silly gunzTarPerm extractEntry vendor/icu/i18n/decContext.cpp
539 silly gunzTarPerm extractEntry vendor/icu/i18n/decContext.h
540 silly gunzTarPerm extractEntry vendor/icu/i18n/decfmtst.cpp
541 silly gunzTarPerm extractEntry vendor/icu/i18n/decfmtst.h
542 silly gunzTarPerm extractEntry vendor/icu/i18n/decimalformatpattern.cpp
543 silly gunzTarPerm extractEntry vendor/icu/i18n/decimalformatpattern.h
544 silly gunzTarPerm extractEntry vendor/icu/i18n/decimalformatpatternimpl.h
545 silly gunzTarPerm extractEntry vendor/icu/i18n/decimfmt.cpp
546 silly gunzTarPerm extractEntry vendor/icu/i18n/decimfmtimpl.cpp
547 silly gunzTarPerm extractEntry vendor/icu/i18n/decimfmtimpl.h
548 silly gunzTarPerm extractEntry vendor/icu/i18n/decNumber.cpp
549 silly gunzTarPerm extractEntry vendor/icu/i18n/decNumber.h
550 silly gunzTarPerm extractEntry vendor/icu/i18n/decNumberLocal.h
551 silly gunzTarPerm extractEntry vendor/icu/i18n/digitaffix.cpp
552 silly gunzTarPerm extractEntry vendor/icu/i18n/digitaffix.h
553 silly gunzTarPerm extractEntry vendor/icu/i18n/digitaffixesandpadding.cpp
554 silly gunzTarPerm extractEntry vendor/icu/i18n/digitaffixesandpadding.h
555 silly gunzTarPerm extractEntry vendor/icu/i18n/digitformatter.cpp
556 silly gunzTarPerm extractEntry vendor/icu/i18n/digitformatter.h
557 silly gunzTarPerm extractEntry vendor/icu/i18n/digitgrouping.cpp
558 silly gunzTarPerm extractEntry vendor/icu/i18n/digitgrouping.h
559 silly gunzTarPerm extractEntry vendor/icu/i18n/digitinterval.cpp
560 silly gunzTarPerm extractEntry vendor/icu/i18n/digitinterval.h
561 silly gunzTarPerm extractEntry vendor/icu/i18n/digitlst.cpp
562 silly gunzTarPerm extractEntry vendor/icu/i18n/digitlst.h
563 silly gunzTarPerm extractEntry vendor/icu/i18n/dt_impl.h
564 silly gunzTarPerm extractEntry vendor/icu/i18n/dtfmtsym.cpp
565 silly gunzTarPerm extractEntry vendor/icu/i18n/dtitv_impl.h
566 silly gunzTarPerm extractEntry vendor/icu/i18n/dtitvfmt.cpp
567 silly gunzTarPerm extractEntry vendor/icu/i18n/dtitvinf.cpp
568 silly gunzTarPerm extractEntry vendor/icu/i18n/dtptngen_impl.h
569 silly gunzTarPerm extractEntry vendor/icu/i18n/dtptngen.cpp
570 silly gunzTarPerm extractEntry vendor/icu/i18n/dtrule.cpp
571 silly gunzTarPerm extractEntry vendor/icu/i18n/esctrn.cpp
572 silly gunzTarPerm extractEntry vendor/icu/i18n/esctrn.h
573 silly gunzTarPerm extractEntry vendor/icu/i18n/ethpccal.cpp
574 silly gunzTarPerm extractEntry vendor/icu/i18n/ethpccal.h
575 silly gunzTarPerm extractEntry vendor/icu/i18n/fmtable_cnv.cpp
576 silly gunzTarPerm extractEntry vendor/icu/i18n/fmtable.cpp
577 silly gunzTarPerm extractEntry vendor/icu/i18n/fmtableimp.h
578 silly gunzTarPerm extractEntry vendor/icu/i18n/format.cpp
579 silly gunzTarPerm extractEntry vendor/icu/i18n/fphdlimp.cpp
580 silly gunzTarPerm extractEntry vendor/icu/i18n/fphdlimp.h
581 silly gunzTarPerm extractEntry vendor/icu/i18n/fpositer.cpp
582 silly gunzTarPerm extractEntry vendor/icu/i18n/funcrepl.cpp
583 silly gunzTarPerm extractEntry vendor/icu/i18n/funcrepl.h
584 silly gunzTarPerm extractEntry vendor/icu/i18n/gender.cpp
585 silly gunzTarPerm extractEntry vendor/icu/i18n/gregocal.cpp
586 silly gunzTarPerm extractEntry vendor/icu/i18n/gregoimp.cpp
587 silly gunzTarPerm extractEntry vendor/icu/i18n/gregoimp.h
588 silly gunzTarPerm extractEntry vendor/icu/i18n/hebrwcal.cpp
589 silly gunzTarPerm extractEntry vendor/icu/i18n/hebrwcal.h
590 silly gunzTarPerm extractEntry vendor/icu/i18n/i18n.rc
591 silly gunzTarPerm extractEntry vendor/icu/i18n/indiancal.cpp
592 silly gunzTarPerm extractEntry vendor/icu/i18n/indiancal.h
593 silly gunzTarPerm extractEntry vendor/icu/i18n/inputext.cpp
594 silly gunzTarPerm extractEntry vendor/icu/i18n/inputext.h
595 silly gunzTarPerm extractEntry vendor/icu/i18n/islamcal.cpp
596 silly gunzTarPerm extractEntry vendor/icu/i18n/islamcal.h
597 silly gunzTarPerm extractEntry vendor/icu/i18n/japancal.cpp
598 silly gunzTarPerm extractEntry vendor/icu/i18n/japancal.h
599 silly gunzTarPerm extractEntry vendor/icu/i18n/measfmt.cpp
600 silly gunzTarPerm extractEntry vendor/icu/i18n/measunit.cpp
601 silly gunzTarPerm extractEntry vendor/icu/i18n/measure.cpp
602 silly gunzTarPerm extractEntry vendor/icu/i18n/msgfmt_impl.h
603 silly gunzTarPerm extractEntry vendor/icu/i18n/msgfmt.cpp
604 silly gunzTarPerm extractEntry vendor/icu/i18n/name2uni.cpp
605 silly gunzTarPerm extractEntry vendor/icu/i18n/name2uni.h
606 silly gunzTarPerm extractEntry vendor/icu/i18n/nfrlist.h
607 silly gunzTarPerm extractEntry vendor/icu/i18n/nfrs.cpp
608 silly gunzTarPerm extractEntry vendor/icu/i18n/nfrs.h
609 silly gunzTarPerm extractEntry vendor/icu/i18n/nfrule.cpp
610 silly gunzTarPerm extractEntry vendor/icu/i18n/nfrule.h
611 silly gunzTarPerm extractEntry vendor/icu/i18n/nfsubs.cpp
612 silly gunzTarPerm extractEntry vendor/icu/i18n/nfsubs.h
613 silly gunzTarPerm extractEntry vendor/icu/i18n/nortrans.cpp
614 silly gunzTarPerm extractEntry vendor/icu/i18n/nortrans.h
615 silly gunzTarPerm extractEntry vendor/icu/i18n/nultrans.cpp
616 silly gunzTarPerm extractEntry vendor/icu/i18n/nultrans.h
617 silly gunzTarPerm extractEntry vendor/icu/i18n/numfmt.cpp
618 silly gunzTarPerm extractEntry vendor/icu/i18n/numsys_impl.h
619 silly gunzTarPerm extractEntry vendor/icu/i18n/numsys.cpp
620 silly gunzTarPerm extractEntry vendor/icu/i18n/olsontz.cpp
621 silly gunzTarPerm extractEntry vendor/icu/i18n/olsontz.h
622 silly gunzTarPerm extractEntry vendor/icu/i18n/persncal.cpp
623 silly gunzTarPerm extractEntry vendor/icu/i18n/persncal.h
624 silly gunzTarPerm extractEntry vendor/icu/i18n/pluralaffix.cpp
625 silly gunzTarPerm extractEntry vendor/icu/i18n/pluralaffix.h
626 silly gunzTarPerm extractEntry vendor/icu/i18n/plurfmt.cpp
627 silly gunzTarPerm extractEntry vendor/icu/i18n/plurrule_impl.h
628 silly gunzTarPerm extractEntry vendor/icu/i18n/plurrule.cpp
629 silly gunzTarPerm extractEntry vendor/icu/i18n/precision.cpp
630 silly gunzTarPerm extractEntry vendor/icu/i18n/precision.h
631 silly gunzTarPerm extractEntry vendor/icu/i18n/quant.cpp
632 silly gunzTarPerm extractEntry vendor/icu/i18n/quant.h
633 silly gunzTarPerm extractEntry vendor/icu/i18n/quantityformatter.cpp
634 silly gunzTarPerm extractEntry vendor/icu/i18n/quantityformatter.h
635 silly gunzTarPerm extractEntry vendor/icu/i18n/rbnf.cpp
636 silly gunzTarPerm extractEntry vendor/icu/i18n/rbt_data.cpp
637 silly gunzTarPerm extractEntry vendor/icu/i18n/rbt_data.h
638 silly gunzTarPerm extractEntry vendor/icu/i18n/rbt_pars.cpp
639 silly gunzTarPerm extractEntry vendor/icu/i18n/rbt_pars.h
640 silly gunzTarPerm extractEntry vendor/icu/i18n/rbt_rule.cpp
641 silly gunzTarPerm extractEntry vendor/icu/i18n/rbt_rule.h
642 silly gunzTarPerm extractEntry vendor/icu/i18n/rbt_set.cpp
643 silly gunzTarPerm extractEntry vendor/icu/i18n/rbt_set.h
644 silly gunzTarPerm extractEntry vendor/icu/i18n/rbt.cpp
645 silly gunzTarPerm extractEntry vendor/icu/i18n/rbt.h
646 silly gunzTarPerm extractEntry vendor/icu/i18n/rbtz.cpp
647 silly gunzTarPerm extractEntry vendor/icu/i18n/regexcmp.cpp
648 silly gunzTarPerm extractEntry vendor/icu/i18n/regexcmp.h
649 silly gunzTarPerm extractEntry vendor/icu/i18n/regexcst.h
650 silly gunzTarPerm extractEntry vendor/icu/i18n/regexcst.pl
651 silly gunzTarPerm extractEntry vendor/icu/i18n/regeximp.cpp
652 silly gunzTarPerm extractEntry vendor/icu/i18n/regeximp.h
653 silly gunzTarPerm extractEntry vendor/icu/i18n/regexst.cpp
654 silly gunzTarPerm extractEntry vendor/icu/i18n/regexst.h
655 silly gunzTarPerm extractEntry vendor/icu/i18n/regextxt.cpp
656 silly gunzTarPerm extractEntry vendor/icu/i18n/regextxt.h
657 silly gunzTarPerm extractEntry vendor/icu/i18n/region_impl.h
658 silly gunzTarPerm extractEntry vendor/icu/i18n/region.cpp
659 silly gunzTarPerm extractEntry vendor/icu/i18n/reldatefmt.cpp
660 silly gunzTarPerm extractEntry vendor/icu/i18n/reldtfmt.cpp
661 silly gunzTarPerm extractEntry vendor/icu/i18n/reldtfmt.h
662 silly gunzTarPerm extractEntry vendor/icu/i18n/rematch.cpp
663 silly gunzTarPerm extractEntry vendor/icu/i18n/remtrans.cpp
664 silly gunzTarPerm extractEntry vendor/icu/i18n/remtrans.h
665 silly gunzTarPerm extractEntry vendor/icu/i18n/repattrn.cpp
666 silly gunzTarPerm extractEntry vendor/icu/i18n/rulebasedcollator.cpp
667 silly gunzTarPerm extractEntry vendor/icu/i18n/scientificnumberformatter.cpp
668 silly gunzTarPerm extractEntry vendor/icu/i18n/scriptset.cpp
669 silly gunzTarPerm extractEntry vendor/icu/i18n/scriptset.h
670 silly gunzTarPerm extractEntry vendor/icu/i18n/search.cpp
671 silly gunzTarPerm extractEntry vendor/icu/i18n/selfmt.cpp
672 silly gunzTarPerm extractEntry vendor/icu/i18n/selfmtimpl.h
673 silly gunzTarPerm extractEntry vendor/icu/i18n/sharedbreakiterator.cpp
674 silly gunzTarPerm extractEntry vendor/icu/i18n/sharedbreakiterator.h
675 silly gunzTarPerm extractEntry vendor/icu/i18n/sharedcalendar.h
676 silly gunzTarPerm extractEntry vendor/icu/i18n/shareddateformatsymbols.h
677 silly gunzTarPerm extractEntry vendor/icu/i18n/sharednumberformat.h
678 silly gunzTarPerm extractEntry vendor/icu/i18n/sharedpluralrules.h
679 silly gunzTarPerm extractEntry vendor/icu/i18n/significantdigitinterval.h
680 silly gunzTarPerm extractEntry vendor/icu/i18n/simpletz.cpp
681 silly gunzTarPerm extractEntry vendor/icu/i18n/smallintformatter.cpp
682 silly gunzTarPerm extractEntry vendor/icu/i18n/smallintformatter.h
683 silly gunzTarPerm extractEntry vendor/icu/i18n/smpdtfmt.cpp
684 silly gunzTarPerm extractEntry vendor/icu/i18n/smpdtfst.cpp
685 silly gunzTarPerm extractEntry vendor/icu/i18n/smpdtfst.h
686 silly gunzTarPerm extractEntry vendor/icu/i18n/sortkey.cpp
687 silly gunzTarPerm extractEntry vendor/icu/i18n/standardplural.cpp
688 silly gunzTarPerm extractEntry vendor/icu/i18n/standardplural.h
689 silly gunzTarPerm extractEntry vendor/icu/i18n/strmatch.cpp
690 silly gunzTarPerm extractEntry vendor/icu/i18n/strmatch.h
691 silly gunzTarPerm extractEntry vendor/icu/i18n/strrepl.cpp
692 silly gunzTarPerm extractEntry vendor/icu/i18n/strrepl.h
693 silly gunzTarPerm extractEntry vendor/icu/i18n/stsearch.cpp
694 silly gunzTarPerm extractEntry vendor/icu/i18n/taiwncal.cpp
695 silly gunzTarPerm extractEntry vendor/icu/i18n/taiwncal.h
696 silly gunzTarPerm extractEntry vendor/icu/i18n/timezone.cpp
697 silly gunzTarPerm extractEntry vendor/icu/i18n/titletrn.cpp
698 silly gunzTarPerm extractEntry vendor/icu/i18n/titletrn.h
699 silly gunzTarPerm extractEntry vendor/icu/i18n/tmunit.cpp
700 silly gunzTarPerm extractEntry vendor/icu/i18n/tmutamt.cpp
701 silly gunzTarPerm extractEntry vendor/icu/i18n/tmutfmt.cpp
702 silly gunzTarPerm extractEntry vendor/icu/i18n/tolowtrn.cpp
703 silly gunzTarPerm extractEntry vendor/icu/i18n/tolowtrn.h
704 silly gunzTarPerm extractEntry vendor/icu/i18n/toupptrn.cpp
705 silly gunzTarPerm extractEntry vendor/icu/i18n/toupptrn.h
706 silly gunzTarPerm extractEntry vendor/icu/i18n/translit.cpp
707 silly gunzTarPerm extractEntry vendor/icu/i18n/transreg.cpp
708 silly gunzTarPerm extractEntry vendor/icu/i18n/transreg.h
709 silly gunzTarPerm extractEntry vendor/icu/i18n/tridpars.cpp
710 silly gunzTarPerm extractEntry vendor/icu/i18n/tridpars.h
711 silly gunzTarPerm extractEntry vendor/icu/i18n/tzfmt.cpp
712 silly gunzTarPerm extractEntry vendor/icu/i18n/tzgnames.cpp
713 silly gunzTarPerm extractEntry vendor/icu/i18n/tzgnames.h
714 silly gunzTarPerm extractEntry vendor/icu/i18n/tznames_impl.cpp
715 silly gunzTarPerm extractEntry vendor/icu/i18n/tznames_impl.h
716 silly gunzTarPerm extractEntry vendor/icu/i18n/tznames.cpp
717 silly gunzTarPerm extractEntry vendor/icu/i18n/tzrule.cpp
718 silly gunzTarPerm extractEntry vendor/icu/i18n/tztrans.cpp
719 silly gunzTarPerm extractEntry vendor/icu/i18n/ucal.cpp
720 silly gunzTarPerm extractEntry vendor/icu/i18n/ucln_in.cpp
721 silly gunzTarPerm extractEntry vendor/icu/i18n/ucln_in.h
722 silly gunzTarPerm extractEntry vendor/icu/i18n/ucol_imp.h
723 silly gunzTarPerm extractEntry vendor/icu/i18n/ucol_res.cpp
724 silly gunzTarPerm extractEntry vendor/icu/i18n/ucol_sit.cpp
725 silly gunzTarPerm extractEntry vendor/icu/i18n/ucol.cpp
726 silly gunzTarPerm extractEntry vendor/icu/i18n/ucoleitr.cpp
727 silly gunzTarPerm extractEntry vendor/icu/i18n/ucsdet.cpp
728 silly gunzTarPerm extractEntry vendor/icu/i18n/udat.cpp
729 silly gunzTarPerm extractEntry vendor/icu/i18n/udateintervalformat.cpp
730 silly gunzTarPerm extractEntry vendor/icu/i18n/udatpg.cpp
731 silly gunzTarPerm extractEntry vendor/icu/i18n/ufieldpositer.cpp
732 silly gunzTarPerm extractEntry vendor/icu/i18n/uitercollationiterator.cpp
733 silly gunzTarPerm extractEntry vendor/icu/i18n/uitercollationiterator.h
734 silly gunzTarPerm extractEntry vendor/icu/i18n/ulocdata.cpp
735 silly gunzTarPerm extractEntry vendor/icu/i18n/umsg_imp.h
736 silly gunzTarPerm extractEntry vendor/icu/i18n/umsg.cpp
737 silly gunzTarPerm extractEntry vendor/icu/i18n/unesctrn.cpp
738 silly gunzTarPerm extractEntry vendor/icu/i18n/unesctrn.h
739 silly gunzTarPerm extractEntry vendor/icu/i18n/uni2name.cpp
740 silly gunzTarPerm extractEntry vendor/icu/i18n/uni2name.h
741 silly gunzTarPerm extractEntry vendor/icu/i18n/unicode/alphaindex.h
742 silly gunzTarPerm extractEntry vendor/icu/i18n/unicode/basictz.h
743 silly gunzTarPerm extractEntry vendor/icu/i18n/unicode/calendar.h
744 silly gunzTarPerm extractEntry vendor/icu/i18n/unicode/choicfmt.h
745 silly gunzTarPerm extractEntry vendor/icu/i18n/unicode/coleitr.h
746 silly gunzTarPerm extractEntry vendor/icu/i18n/unicode/coll.h
747 silly gunzTarPerm extractEntry vendor/icu/i18n/unicode/compactdecimalformat.h
748 silly gunzTarPerm extractEntry vendor/icu/i18n/unicode/curramt.h
749 silly gunzTarPerm extractEntry vendor/icu/i18n/unicode/currpinf.h
750 silly gunzTarPerm extractEntry vendor/icu/i18n/unicode/currunit.h
751 silly gunzTarPerm extractEntry vendor/icu/i18n/unicode/datefmt.h
752 silly gunzTarPerm extractEntry vendor/icu/i18n/unicode/dcfmtsym.h
753 silly gunzTarPerm extractEntry vendor/icu/i18n/unicode/decimfmt.h
754 silly gunzTarPerm extractEntry vendor/icu/i18n/unicode/dtfmtsym.h
755 silly gunzTarPerm extractEntry vendor/icu/i18n/unicode/dtitvfmt.h
756 silly gunzTarPerm extractEntry vendor/icu/i18n/unicode/dtitvinf.h
757 silly gunzTarPerm extractEntry vendor/icu/i18n/unicode/dtptngen.h
758 silly gunzTarPerm extractEntry vendor/icu/i18n/unicode/dtrule.h
759 silly gunzTarPerm extractEntry vendor/icu/i18n/unicode/fieldpos.h
760 silly gunzTarPerm extractEntry vendor/icu/i18n/unicode/fmtable.h
761 silly gunzTarPerm extractEntry vendor/icu/i18n/unicode/format.h
762 silly gunzTarPerm extractEntry vendor/icu/i18n/unicode/fpositer.h
763 silly gunzTarPerm extractEntry vendor/icu/i18n/unicode/gender.h
764 silly gunzTarPerm extractEntry vendor/icu/i18n/unicode/gregocal.h
765 silly gunzTarPerm extractEntry vendor/icu/i18n/unicode/measfmt.h
766 silly gunzTarPerm extractEntry vendor/icu/i18n/unicode/measunit.h
767 silly gunzTarPerm extractEntry vendor/icu/i18n/unicode/measure.h
768 silly gunzTarPerm extractEntry vendor/icu/i18n/unicode/msgfmt.h
769 silly gunzTarPerm extractEntry vendor/icu/i18n/unicode/numfmt.h
770 silly gunzTarPerm extractEntry vendor/icu/i18n/unicode/numsys.h
771 silly gunzTarPerm extractEntry vendor/icu/i18n/unicode/plurfmt.h
772 silly gunzTarPerm extractEntry vendor/icu/i18n/unicode/plurrule.h
773 silly gunzTarPerm extractEntry vendor/icu/i18n/unicode/rbnf.h
774 silly gunzTarPerm extractEntry vendor/icu/i18n/unicode/rbtz.h
775 silly gunzTarPerm extractEntry vendor/icu/i18n/unicode/regex.h
776 silly gunzTarPerm extractEntry vendor/icu/i18n/unicode/region.h
777 silly gunzTarPerm extractEntry vendor/icu/i18n/unicode/reldatefmt.h
778 silly gunzTarPerm extractEntry vendor/icu/i18n/unicode/scientificnumberformatter.h
779 silly gunzTarPerm extractEntry vendor/icu/i18n/unicode/search.h
780 silly gunzTarPerm extractEntry vendor/icu/i18n/unicode/selfmt.h
781 silly gunzTarPerm extractEntry vendor/icu/i18n/unicode/simpletz.h
782 silly gunzTarPerm extractEntry vendor/icu/i18n/unicode/smpdtfmt.h
783 silly gunzTarPerm extractEntry vendor/icu/i18n/unicode/sortkey.h
784 silly gunzTarPerm extractEntry vendor/icu/i18n/unicode/stsearch.h
785 silly gunzTarPerm extractEntry vendor/icu/i18n/unicode/tblcoll.h
786 silly gunzTarPerm extractEntry vendor/icu/i18n/unicode/timezone.h
787 silly gunzTarPerm extractEntry vendor/icu/i18n/unicode/tmunit.h
788 silly gunzTarPerm extractEntry vendor/icu/i18n/unicode/tmutamt.h
789 silly gunzTarPerm extractEntry vendor/icu/i18n/unicode/tmutfmt.h
790 silly gunzTarPerm extractEntry vendor/icu/i18n/unicode/translit.h
791 silly gunzTarPerm extractEntry vendor/icu/i18n/unicode/tzfmt.h
792 silly gunzTarPerm extractEntry vendor/icu/i18n/unicode/tznames.h
793 silly gunzTarPerm extractEntry vendor/icu/i18n/unicode/tzrule.h
794 silly gunzTarPerm extractEntry vendor/icu/i18n/unicode/tztrans.h
795 silly gunzTarPerm extractEntry vendor/icu/i18n/unicode/ucal.h
796 silly gunzTarPerm extractEntry vendor/icu/i18n/unicode/ucol.h
797 silly gunzTarPerm extractEntry vendor/icu/i18n/unicode/ucoleitr.h
798 silly gunzTarPerm extractEntry vendor/icu/i18n/unicode/ucsdet.h
799 silly gunzTarPerm extractEntry vendor/icu/i18n/unicode/udat.h
800 silly gunzTarPerm extractEntry vendor/icu/i18n/unicode/udateintervalformat.h
801 silly gunzTarPerm extractEntry vendor/icu/i18n/unicode/udatpg.h
802 silly gunzTarPerm extractEntry vendor/icu/i18n/unicode/ufieldpositer.h
803 silly gunzTarPerm extractEntry vendor/icu/i18n/unicode/uformattable.h
804 silly gunzTarPerm extractEntry vendor/icu/i18n/unicode/ugender.h
805 silly gunzTarPerm extractEntry vendor/icu/i18n/unicode/ulocdata.h
806 silly gunzTarPerm extractEntry vendor/icu/i18n/unicode/umsg.h
807 silly gunzTarPerm extractEntry vendor/icu/i18n/unicode/unirepl.h
808 silly gunzTarPerm extractEntry vendor/icu/i18n/unicode/unum.h
809 silly gunzTarPerm extractEntry vendor/icu/i18n/unicode/unumsys.h
810 silly gunzTarPerm extractEntry vendor/icu/i18n/unicode/upluralrules.h
811 silly gunzTarPerm extractEntry vendor/icu/i18n/unicode/uregex.h
812 silly gunzTarPerm extractEntry vendor/icu/i18n/unicode/uregion.h
813 silly gunzTarPerm extractEntry vendor/icu/i18n/unicode/ureldatefmt.h
814 silly gunzTarPerm extractEntry vendor/icu/i18n/unicode/usearch.h
815 silly gunzTarPerm extractEntry vendor/icu/i18n/unicode/uspoof.h
816 silly gunzTarPerm extractEntry vendor/icu/i18n/unicode/utmscale.h
817 silly gunzTarPerm extractEntry vendor/icu/i18n/unicode/utrans.h
818 silly gunzTarPerm extractEntry vendor/icu/i18n/unicode/vtzone.h
819 silly gunzTarPerm extractEntry vendor/icu/i18n/unum.cpp
820 silly gunzTarPerm extractEntry vendor/icu/i18n/unumsys.cpp
821 silly gunzTarPerm extractEntry vendor/icu/i18n/upluralrules.cpp
822 silly gunzTarPerm extractEntry vendor/icu/i18n/uregex.cpp
823 silly gunzTarPerm extractEntry vendor/icu/i18n/uregexc.cpp
824 silly gunzTarPerm extractEntry vendor/icu/i18n/uregion.cpp
825 silly gunzTarPerm extractEntry vendor/icu/i18n/usearch.cpp
826 silly gunzTarPerm extractEntry vendor/icu/i18n/uspoof_build.cpp
827 silly gunzTarPerm extractEntry vendor/icu/i18n/uspoof_conf.cpp
828 silly gunzTarPerm extractEntry vendor/icu/i18n/uspoof_conf.h
829 silly gunzTarPerm extractEntry vendor/icu/i18n/uspoof_impl.cpp
830 silly gunzTarPerm extractEntry vendor/icu/i18n/uspoof_impl.h
831 silly gunzTarPerm extractEntry vendor/icu/i18n/uspoof.cpp
832 silly gunzTarPerm extractEntry vendor/icu/i18n/usrchimp.h
833 silly gunzTarPerm extractEntry vendor/icu/i18n/utf16collationiterator.cpp
834 silly gunzTarPerm extractEntry vendor/icu/i18n/utf16collationiterator.h
835 silly gunzTarPerm extractEntry vendor/icu/i18n/utf8collationiterator.cpp
836 silly gunzTarPerm extractEntry vendor/icu/i18n/utf8collationiterator.h
837 silly gunzTarPerm extractEntry vendor/icu/i18n/utmscale.cpp
838 silly gunzTarPerm extractEntry vendor/icu/i18n/utrans.cpp
839 silly gunzTarPerm extractEntry vendor/icu/i18n/valueformatter.cpp
840 silly gunzTarPerm extractEntry vendor/icu/i18n/valueformatter.h
841 silly gunzTarPerm extractEntry vendor/icu/i18n/visibledigits.cpp
842 silly gunzTarPerm extractEntry vendor/icu/i18n/visibledigits.h
843 silly gunzTarPerm extractEntry vendor/icu/i18n/vtzone.cpp
844 silly gunzTarPerm extractEntry vendor/icu/i18n/vzone.cpp
845 silly gunzTarPerm extractEntry vendor/icu/i18n/vzone.h
846 silly gunzTarPerm extractEntry vendor/icu/i18n/windtfmt.cpp
847 silly gunzTarPerm extractEntry vendor/icu/i18n/windtfmt.h
848 silly gunzTarPerm extractEntry vendor/icu/i18n/winnmfmt.cpp
849 silly gunzTarPerm extractEntry vendor/icu/i18n/winnmfmt.h
850 silly gunzTarPerm extractEntry vendor/icu/i18n/wintzimpl.cpp
851 silly gunzTarPerm extractEntry vendor/icu/i18n/wintzimpl.h
852 silly gunzTarPerm extractEntry vendor/icu/i18n/zonemeta.cpp
853 silly gunzTarPerm extractEntry vendor/icu/i18n/zonemeta.h
854 silly gunzTarPerm extractEntry vendor/icu/i18n/zrule.cpp
855 silly gunzTarPerm extractEntry vendor/icu/i18n/zrule.h
856 silly gunzTarPerm extractEntry vendor/icu/i18n/ztrans.cpp
857 silly gunzTarPerm extractEntry vendor/icu/i18n/ztrans.h
858 silly gunzTarPerm extractEntry vendor/icu/icu_config.gypi
859 silly gunzTarPerm extractEntry vendor/icu/icu_small.json
860 silly gunzTarPerm extractEntry vendor/icu/icu.gyp
861 silly gunzTarPerm extractEntry vendor/icu/stubdata/stubdata.cpp
862 silly gunzTarPerm extractEntry vendor/icu/tools/escapesrc/cptbl.h
863 silly gunzTarPerm extractEntry vendor/icu/tools/escapesrc/escapesrc.cpp
864 silly gunzTarPerm extractEntry vendor/icu/tools/escapesrc/expect-simple.cpp
865 silly gunzTarPerm extractEntry vendor/icu/tools/escapesrc/tblgen.cpp
866 silly gunzTarPerm extractEntry vendor/icu/tools/escapesrc/test-nochange.cpp
867 silly gunzTarPerm extractEntry vendor/icu/tools/escapesrc/test-simple.cpp
868 silly gunzTarPerm extractEntry vendor/icu/tools/genccode/genccode.c
869 silly gunzTarPerm extractEntry vendor/icu/tools/gencmn/gencmn.c
870 silly gunzTarPerm extractEntry vendor/icu/tools/genrb/derb.cpp
871 silly gunzTarPerm extractEntry vendor/icu/tools/genrb/errmsg.c
872 silly gunzTarPerm extractEntry vendor/icu/tools/genrb/errmsg.h
873 silly gunzTarPerm extractEntry vendor/icu/tools/genrb/genrb.cpp
874 silly gunzTarPerm extractEntry vendor/icu/tools/genrb/genrb.h
875 silly gunzTarPerm extractEntry vendor/icu/tools/genrb/parse.cpp
876 silly gunzTarPerm extractEntry vendor/icu/tools/genrb/parse.h
877 silly gunzTarPerm extractEntry vendor/icu/tools/genrb/prscmnts.cpp
878 silly gunzTarPerm extractEntry vendor/icu/tools/genrb/prscmnts.h
879 silly gunzTarPerm extractEntry vendor/icu/tools/genrb/rbutil.c
880 silly gunzTarPerm extractEntry vendor/icu/tools/genrb/rbutil.h
881 silly gunzTarPerm extractEntry vendor/icu/tools/genrb/read.c
882 silly gunzTarPerm extractEntry vendor/icu/tools/genrb/read.h
883 silly gunzTarPerm extractEntry vendor/icu/tools/genrb/reslist.cpp
884 silly gunzTarPerm extractEntry vendor/icu/tools/genrb/reslist.h
885 silly gunzTarPerm extractEntry vendor/icu/tools/genrb/rle.c
886 silly gunzTarPerm extractEntry vendor/icu/tools/genrb/rle.h
887 silly gunzTarPerm extractEntry vendor/icu/tools/genrb/ustr.c
888 silly gunzTarPerm extractEntry vendor/icu/tools/genrb/ustr.h
889 silly gunzTarPerm extractEntry vendor/icu/tools/genrb/wrtjava.cpp
890 silly gunzTarPerm extractEntry vendor/icu/tools/genrb/wrtxml.cpp
891 silly gunzTarPerm extractEntry vendor/icu/tools/icupkg/icupkg.cpp
892 silly gunzTarPerm extractEntry vendor/icu/tools/pkgdata/pkgdata.cpp
893 silly gunzTarPerm extractEntry vendor/icu/tools/pkgdata/pkgtypes.c
894 silly gunzTarPerm extractEntry vendor/icu/tools/pkgdata/pkgtypes.h
895 silly gunzTarPerm extractEntry vendor/icu/tools/toolutil/collationinfo.cpp
896 silly gunzTarPerm extractEntry vendor/icu/tools/toolutil/collationinfo.h
897 silly gunzTarPerm extractEntry vendor/icu/tools/toolutil/dbgutil.cpp
898 silly gunzTarPerm extractEntry vendor/icu/tools/toolutil/dbgutil.h
899 silly gunzTarPerm extractEntry vendor/icu/tools/toolutil/denseranges.cpp
900 silly gunzTarPerm extractEntry vendor/icu/tools/toolutil/denseranges.h
901 silly gunzTarPerm extractEntry vendor/icu/tools/toolutil/filestrm.cpp
902 silly gunzTarPerm extractEntry vendor/icu/tools/toolutil/filestrm.h
903 silly gunzTarPerm extractEntry vendor/icu/tools/toolutil/filetools.cpp
904 silly gunzTarPerm extractEntry vendor/icu/tools/toolutil/filetools.h
905 silly gunzTarPerm extractEntry vendor/icu/tools/toolutil/flagparser.cpp
906 silly gunzTarPerm extractEntry vendor/icu/tools/toolutil/flagparser.h
907 silly gunzTarPerm extractEntry vendor/icu/tools/toolutil/package.cpp
908 silly gunzTarPerm extractEntry vendor/icu/tools/toolutil/package.h
909 silly gunzTarPerm extractEntry vendor/icu/tools/toolutil/pkg_genc.cpp
910 silly gunzTarPerm extractEntry vendor/icu/tools/toolutil/pkg_genc.h
911 silly gunzTarPerm extractEntry vendor/icu/tools/toolutil/pkg_gencmn.cpp
912 silly gunzTarPerm extractEntry vendor/icu/tools/toolutil/pkg_gencmn.h
913 silly gunzTarPerm extractEntry vendor/icu/tools/toolutil/pkg_icu.cpp
914 silly gunzTarPerm extractEntry vendor/icu/tools/toolutil/pkg_icu.h
915 silly gunzTarPerm extractEntry vendor/icu/tools/toolutil/pkg_imp.h
916 silly gunzTarPerm extractEntry vendor/icu/tools/toolutil/pkgitems.cpp
917 silly gunzTarPerm extractEntry vendor/icu/tools/toolutil/ppucd.cpp
918 silly gunzTarPerm extractEntry vendor/icu/tools/toolutil/ppucd.h
919 silly gunzTarPerm extractEntry vendor/icu/tools/toolutil/swapimpl.cpp
920 silly gunzTarPerm extractEntry vendor/icu/tools/toolutil/swapimpl.h
921 silly gunzTarPerm extractEntry vendor/icu/tools/toolutil/toolutil.cpp
922 silly gunzTarPerm extractEntry vendor/icu/tools/toolutil/toolutil.h
923 silly gunzTarPerm extractEntry vendor/icu/tools/toolutil/ucbuf.cpp
924 silly gunzTarPerm extractEntry vendor/icu/tools/toolutil/ucbuf.h
925 silly gunzTarPerm extractEntry vendor/icu/tools/toolutil/ucln_tu.cpp
926 silly gunzTarPerm extractEntry vendor/icu/tools/toolutil/ucm.cpp
927 silly gunzTarPerm extractEntry vendor/icu/tools/toolutil/ucm.h
928 silly gunzTarPerm extractEntry vendor/icu/tools/toolutil/ucmstate.cpp
929 silly gunzTarPerm extractEntry vendor/icu/tools/toolutil/udbgutil.cpp
930 silly gunzTarPerm extractEntry vendor/icu/tools/toolutil/udbgutil.h
931 silly gunzTarPerm extractEntry vendor/icu/tools/toolutil/unewdata.cpp
932 silly gunzTarPerm extractEntry vendor/icu/tools/toolutil/unewdata.h
933 silly gunzTarPerm extractEntry vendor/icu/tools/toolutil/uoptions.cpp
934 silly gunzTarPerm extractEntry vendor/icu/tools/toolutil/uoptions.h
935 silly gunzTarPerm extractEntry vendor/icu/tools/toolutil/uparse.cpp
936 silly gunzTarPerm extractEntry vendor/icu/tools/toolutil/uparse.h
937 silly gunzTarPerm extractEntry vendor/icu/tools/toolutil/writesrc.cpp
938 silly gunzTarPerm extractEntry vendor/icu/tools/toolutil/writesrc.h
939 silly gunzTarPerm extractEntry vendor/icu/tools/toolutil/xmlparser.cpp
940 silly gunzTarPerm extractEntry vendor/icu/tools/toolutil/xmlparser.h
941 verbose write writing to /Users/jeongjinyong/Desktop/project/test/node/node_test/node_modules/detect-character-encoding/package.json
942 info preinstall detect-character-encoding@0.5.1
943 verbose readDependencies loading dependencies from /Users/jeongjinyong/Desktop/project/test/node/node_test/node_modules/detect-character-encoding/package.json
944 silly prepareForInstallMany adding bindings@^1.2.1 from detect-character-encoding dependencies
945 silly prepareForInstallMany adding nan@^2.0.9 from detect-character-encoding dependencies
946 verbose readDependencies loading dependencies from /Users/jeongjinyong/Desktop/project/test/node/node_test/node_modules/detect-character-encoding/package.json
947 silly cache add args [ 'bindings@^1.2.1', null ]
948 verbose cache add spec bindings@^1.2.1
949 silly cache add args [ 'nan@^2.0.9', null ]
950 verbose cache add spec nan@^2.0.9
951 silly cache add parsed spec Result {
951 silly cache add   raw: 'bindings@^1.2.1',
951 silly cache add   scope: null,
951 silly cache add   name: 'bindings',
951 silly cache add   rawSpec: '^1.2.1',
951 silly cache add   spec: '>=1.2.1 <2.0.0',
951 silly cache add   type: 'range' }
952 silly addNamed bindings@>=1.2.1 <2.0.0
953 verbose addNamed ">=1.2.1 <2.0.0" is a valid semver range for bindings
954 silly addNameRange { name: 'bindings', range: '>=1.2.1 <2.0.0', hasData: false }
955 silly mapToRegistry name bindings
956 silly mapToRegistry using default registry
957 silly mapToRegistry registry https://registry.npmjs.org/
958 silly mapToRegistry data Result {
958 silly mapToRegistry   raw: 'bindings',
958 silly mapToRegistry   scope: null,
958 silly mapToRegistry   name: 'bindings',
958 silly mapToRegistry   rawSpec: '',
958 silly mapToRegistry   spec: 'latest',
958 silly mapToRegistry   type: 'tag' }
959 silly mapToRegistry uri https://registry.npmjs.org/bindings
960 verbose addNameRange registry:https://registry.npmjs.org/bindings not in flight; fetching
961 silly cache add parsed spec Result {
961 silly cache add   raw: 'nan@^2.0.9',
961 silly cache add   scope: null,
961 silly cache add   name: 'nan',
961 silly cache add   rawSpec: '^2.0.9',
961 silly cache add   spec: '>=2.0.9 <3.0.0',
961 silly cache add   type: 'range' }
962 silly addNamed nan@>=2.0.9 <3.0.0
963 verbose addNamed ">=2.0.9 <3.0.0" is a valid semver range for nan
964 silly addNameRange { name: 'nan', range: '>=2.0.9 <3.0.0', hasData: false }
965 silly mapToRegistry name nan
966 silly mapToRegistry using default registry
967 silly mapToRegistry registry https://registry.npmjs.org/
968 silly mapToRegistry data Result {
968 silly mapToRegistry   raw: 'nan',
968 silly mapToRegistry   scope: null,
968 silly mapToRegistry   name: 'nan',
968 silly mapToRegistry   rawSpec: '',
968 silly mapToRegistry   spec: 'latest',
968 silly mapToRegistry   type: 'tag' }
969 silly mapToRegistry uri https://registry.npmjs.org/nan
970 verbose addNameRange registry:https://registry.npmjs.org/nan not in flight; fetching
971 verbose get https://registry.npmjs.org/bindings not expired, no request
972 silly addNameRange number 2 { name: 'bindings', range: '>=1.2.1 <2.0.0', hasData: true }
973 silly addNameRange versions [ 'bindings',
973 silly addNameRange   [ '0.0.1',
973 silly addNameRange     '0.1.0',
973 silly addNameRange     '0.1.1',
973 silly addNameRange     '0.2.0',
973 silly addNameRange     '0.2.1',
973 silly addNameRange     '0.2.2',
973 silly addNameRange     '0.2.3',
973 silly addNameRange     '0.2.4',
973 silly addNameRange     '0.3.0',
973 silly addNameRange     '0.4.0',
973 silly addNameRange     '1.0.0',
973 silly addNameRange     '1.1.0',
973 silly addNameRange     '1.1.1',
973 silly addNameRange     '1.2.0',
973 silly addNameRange     '1.2.1',
973 silly addNameRange     '1.3.0' ] ]
974 silly addNamed bindings@1.3.0
975 verbose addNamed "1.3.0" is a plain semver version for bindings
976 verbose get https://registry.npmjs.org/nan not expired, no request
977 silly addNameRange number 2 { name: 'nan', range: '>=2.0.9 <3.0.0', hasData: true }
978 silly addNameRange versions [ 'nan',
978 silly addNameRange   [ '0.3.0-wip',
978 silly addNameRange     '0.3.0-wip2',
978 silly addNameRange     '0.3.0',
978 silly addNameRange     '0.3.1',
978 silly addNameRange     '0.3.2',
978 silly addNameRange     '0.4.0',
978 silly addNameRange     '0.4.1',
978 silly addNameRange     '0.4.2',
978 silly addNameRange     '0.4.3',
978 silly addNameRange     '0.4.4',
978 silly addNameRange     '0.5.0',
978 silly addNameRange     '0.5.1',
978 silly addNameRange     '0.5.2',
978 silly addNameRange     '0.6.0',
978 silly addNameRange     '0.7.0',
978 silly addNameRange     '0.7.1',
978 silly addNameRange     '0.8.0',
978 silly addNameRange     '1.0.0',
978 silly addNameRange     '1.1.0',
978 silly addNameRange     '1.1.1',
978 silly addNameRange     '1.1.2',
978 silly addNameRange     '1.2.0',
978 silly addNameRange     '1.3.0',
978 silly addNameRange     '1.4.0',
978 silly addNameRange     '1.4.1',
978 silly addNameRange     '1.5.0',
978 silly addNameRange     '1.4.2',
978 silly addNameRange     '1.4.3',
978 silly addNameRange     '1.5.1',
978 silly addNameRange     '1.5.2',
978 silly addNameRange     '1.6.0',
978 silly addNameRange     '1.5.3',
978 silly addNameRange     '1.6.1',
978 silly addNameRange     '1.6.2',
978 silly addNameRange     '1.7.0',
978 silly addNameRange     '1.8.0',
978 silly addNameRange     '1.8.1',
978 silly addNameRange     '1.8.2',
978 silly addNameRange     '1.8.3',
978 silly addNameRange     '1.8.4',
978 silly addNameRange     '1.9.0',
978 silly addNameRange     '2.0.0',
978 silly addNameRange     '2.0.1',
978 silly addNameRange     '2.0.2',
978 silly addNameRange     '2.0.3',
978 silly addNameRange     '2.0.4',
978 silly addNameRange     '2.0.5',
978 silly addNameRange     '2.0.6',
978 silly addNameRange     '2.0.7',
978 silly addNameRange     '2.0.8',
978 silly addNameRange     '2.0.9',
978 silly addNameRange     '2.1.0',
978 silly addNameRange     '2.2.0',
978 silly addNameRange     '2.2.1',
978 silly addNameRange     '2.3.0',
978 silly addNameRange     '2.3.1',
978 silly addNameRange     '2.3.2',
978 silly addNameRange     '2.3.3',
978 silly addNameRange     '2.3.4',
978 silly addNameRange     '2.3.5',
978 silly addNameRange     '2.4.0',
978 silly addNameRange     '2.5.0',
978 silly addNameRange     '2.5.1',
978 silly addNameRange     '2.6.0',
978 silly addNameRange     '2.6.1',
978 silly addNameRange     '2.6.2',
978 silly addNameRange     '2.7.0',
978 silly addNameRange     '2.8.0' ] ]
979 silly addNamed nan@2.8.0
980 verbose addNamed "2.8.0" is a plain semver version for nan
981 silly cache afterAdd bindings@1.3.0
982 verbose afterAdd /Users/jeongjinyong/.npm/bindings/1.3.0/package/package.json not in flight; writing
983 verbose correctMkdir /Users/jeongjinyong/.npm correctMkdir not in flight; initializing
984 silly cache afterAdd nan@2.8.0
985 verbose afterAdd /Users/jeongjinyong/.npm/nan/2.8.0/package/package.json not in flight; writing
986 verbose correctMkdir /Users/jeongjinyong/.npm correctMkdir not in flight; initializing
987 verbose afterAdd /Users/jeongjinyong/.npm/bindings/1.3.0/package/package.json written
988 verbose afterAdd /Users/jeongjinyong/.npm/nan/2.8.0/package/package.json written
989 silly install resolved [ { name: 'bindings',
989 silly install resolved     description: 'Helper module for loading your native module\'s .node file',
989 silly install resolved     keywords: [ 'native', 'addon', 'bindings', 'gyp', 'waf', 'c', 'c++' ],
989 silly install resolved     version: '1.3.0',
989 silly install resolved     author:
989 silly install resolved      { name: 'Nathan Rajlich',
989 silly install resolved        email: 'nathan@tootallnate.net',
989 silly install resolved        url: 'http://tootallnate.net' },
989 silly install resolved     repository:
989 silly install resolved      { type: 'git',
989 silly install resolved        url: 'git://github.com/TooTallNate/node-bindings.git' },
989 silly install resolved     main: './bindings.js',
989 silly install resolved     bugs: { url: 'https://github.com/TooTallNate/node-bindings/issues' },
989 silly install resolved     homepage: 'https://github.com/TooTallNate/node-bindings',
989 silly install resolved     license: 'MIT',
989 silly install resolved     gitHead: '7fd065ee85386ad3d074d2506e03abe8f9b1588b',
989 silly install resolved     _id: 'bindings@1.3.0',
989 silly install resolved     _npmVersion: '5.0.3',
989 silly install resolved     _nodeVersion: '8.1.3',
989 silly install resolved     _npmUser: { name: 'tootallnate', email: 'nathan@tootallnate.net' },
989 silly install resolved     dist:
989 silly install resolved      { integrity: 'sha512-DpLh5EzMR2kzvX1KIlVC0VkC3iZtHKTgdtZ0a3pglBZdaQFjt5S9g9xd1lE+YvXyfd6mtCeRnrUfOLYiTMlNSw==',
989 silly install resolved        shasum: 'b346f6ecf6a95f5a815c5839fc7cdb22502f1ed7',
989 silly install resolved        tarball: 'https://registry.npmjs.org/bindings/-/bindings-1.3.0.tgz' },
989 silly install resolved     maintainers: [ [Object] ],
989 silly install resolved     _npmOperationalInternal:
989 silly install resolved      { host: 's3://npm-registry-packages',
989 silly install resolved        tmp: 'tmp/bindings-1.3.0.tgz_1500923768710_0.3334669852629304' },
989 silly install resolved     directories: {},
989 silly install resolved     _shasum: 'b346f6ecf6a95f5a815c5839fc7cdb22502f1ed7',
989 silly install resolved     _resolved: 'https://registry.npmjs.org/bindings/-/bindings-1.3.0.tgz',
989 silly install resolved     _from: 'bindings@>=1.2.1 <2.0.0',
989 silly install resolved     readme: 'ERROR: No README data found!' },
989 silly install resolved   { name: 'nan',
989 silly install resolved     version: '2.8.0',
989 silly install resolved     description: 'Native Abstractions for Node.js: C++ header for Node 0.8 -> 9 compatibility',
989 silly install resolved     main: 'include_dirs.js',
989 silly install resolved     repository: { type: 'git', url: 'git://github.com/nodejs/nan.git' },
989 silly install resolved     scripts:
989 silly install resolved      { test: 'tap --gc --stderr test/js/*-test.js',
989 silly install resolved        'rebuild-tests': 'node-gyp rebuild --msvs_version=2015 --directory test',
989 silly install resolved        docs: 'doc/.build.sh' },
989 silly install resolved     contributors:
989 silly install resolved      [ [Object],
989 silly install resolved        [Object],
989 silly install resolved        [Object],
989 silly install resolved        [Object],
989 silly install resolved        [Object],
989 silly install resolved        [Object],
989 silly install resolved        [Object],
989 silly install resolved        [Object] ],
989 silly install resolved     devDependencies:
989 silly install resolved      { bindings: '~1.2.1',
989 silly install resolved        commander: '^2.8.1',
989 silly install resolved        glob: '^5.0.14',
989 silly install resolved        request: '=2.81.0',
989 silly install resolved        'node-gyp': '~3.6.2',
989 silly install resolved        'readable-stream': '^2.1.4',
989 silly install resolved        tap: '~0.7.1',
989 silly install resolved        xtend: '~4.0.0' },
989 silly install resolved     license: 'MIT',
989 silly install resolved     bugs: { url: 'https://github.com/nodejs/nan/issues' },
989 silly install resolved     homepage: 'https://github.com/nodejs/nan#readme',
989 silly install resolved     _id: 'nan@2.8.0',
989 silly install resolved     _shasum: 'ed715f3fe9de02b57a5e6252d90a96675e1f085a',
989 silly install resolved     _resolved: 'https://registry.npmjs.org/nan/-/nan-2.8.0.tgz',
989 silly install resolved     _from: 'nan@>=2.0.9 <3.0.0',
989 silly install resolved     _npmVersion: '3.10.10',
989 silly install resolved     _nodeVersion: '6.12.0',
989 silly install resolved     _npmUser: { name: 'kkoopa', email: 'bbyholm@abo.fi' },
989 silly install resolved     dist:
989 silly install resolved      { shasum: 'ed715f3fe9de02b57a5e6252d90a96675e1f085a',
989 silly install resolved        tarball: 'https://registry.npmjs.org/nan/-/nan-2.8.0.tgz' },
989 silly install resolved     maintainers: [ [Object], [Object] ],
989 silly install resolved     _npmOperationalInternal:
989 silly install resolved      { host: 's3://npm-registry-packages',
989 silly install resolved        tmp: 'tmp/nan-2.8.0.tgz_1510745663002_0.45465062628500164' },
989 silly install resolved     directories: {},
989 silly install resolved     readme: 'ERROR: No README data found!' } ]
990 info install bindings@1.3.0 into /Users/jeongjinyong/Desktop/project/test/node/node_test/node_modules/detect-character-encoding
991 info install nan@2.8.0 into /Users/jeongjinyong/Desktop/project/test/node/node_test/node_modules/detect-character-encoding
992 info installOne bindings@1.3.0
993 verbose installOne of bindings to /Users/jeongjinyong/Desktop/project/test/node/node_test/node_modules/detect-character-encoding not in flight; installing
994 verbose correctMkdir /Users/jeongjinyong/.npm/_locks correctMkdir not in flight; initializing
995 info installOne nan@2.8.0
996 verbose installOne of nan to /Users/jeongjinyong/Desktop/project/test/node/node_test/node_modules/detect-character-encoding not in flight; installing
997 verbose correctMkdir /Users/jeongjinyong/.npm/_locks correctMkdir not in flight; initializing
998 verbose lock using /Users/jeongjinyong/.npm/_locks/bindings-198c83e0a1411900.lock for /Users/jeongjinyong/Desktop/project/test/node/node_test/node_modules/detect-character-encoding/node_modules/bindings
999 silly install write writing bindings 1.3.0 to /Users/jeongjinyong/Desktop/project/test/node/node_test/node_modules/detect-character-encoding/node_modules/bindings
1000 verbose lock using /Users/jeongjinyong/.npm/_locks/nan-f3869acd677f1d7c.lock for /Users/jeongjinyong/Desktop/project/test/node/node_test/node_modules/detect-character-encoding/node_modules/nan
1001 silly install write writing nan 2.8.0 to /Users/jeongjinyong/Desktop/project/test/node/node_test/node_modules/detect-character-encoding/node_modules/nan
1002 verbose unbuild node_modules/detect-character-encoding/node_modules/bindings
1003 verbose unbuild node_modules/detect-character-encoding/node_modules/nan
1004 silly gentlyRm /Users/jeongjinyong/Desktop/project/test/node/node_test/node_modules/detect-character-encoding/node_modules/bindings is being purged from base /Users/jeongjinyong/Desktop/project/test/node/node_test
1005 verbose gentlyRm don't care about contents; nuking /Users/jeongjinyong/Desktop/project/test/node/node_test/node_modules/detect-character-encoding/node_modules/bindings
1006 verbose tar unpack /Users/jeongjinyong/.npm/bindings/1.3.0/package.tgz
1007 verbose tar unpacking to /Users/jeongjinyong/Desktop/project/test/node/node_test/node_modules/detect-character-encoding/node_modules/bindings
1008 silly gentlyRm /Users/jeongjinyong/Desktop/project/test/node/node_test/node_modules/detect-character-encoding/node_modules/bindings is being purged
1009 verbose gentlyRm don't care about contents; nuking /Users/jeongjinyong/Desktop/project/test/node/node_test/node_modules/detect-character-encoding/node_modules/bindings
1010 silly gentlyRm /Users/jeongjinyong/Desktop/project/test/node/node_test/node_modules/detect-character-encoding/node_modules/nan is being purged from base /Users/jeongjinyong/Desktop/project/test/node/node_test
1011 verbose gentlyRm don't care about contents; nuking /Users/jeongjinyong/Desktop/project/test/node/node_test/node_modules/detect-character-encoding/node_modules/nan
1012 silly gunzTarPerm modes [ '755', '644' ]
1013 verbose tar unpack /Users/jeongjinyong/.npm/nan/2.8.0/package.tgz
1014 verbose tar unpacking to /Users/jeongjinyong/Desktop/project/test/node/node_test/node_modules/detect-character-encoding/node_modules/nan
1015 silly gentlyRm /Users/jeongjinyong/Desktop/project/test/node/node_test/node_modules/detect-character-encoding/node_modules/nan is being purged
1016 verbose gentlyRm don't care about contents; nuking /Users/jeongjinyong/Desktop/project/test/node/node_test/node_modules/detect-character-encoding/node_modules/nan
1017 silly gunzTarPerm modes [ '755', '644' ]
1018 silly gunzTarPerm extractEntry package.json
1019 silly gunzTarPerm extractEntry package.json
1020 silly gunzTarPerm modified mode [ 'package.json', 436, 420 ]
1021 silly gunzTarPerm extractEntry README.md
1022 silly gunzTarPerm extractEntry bindings.js
1023 silly gunzTarPerm extractEntry README.md
1024 silly gunzTarPerm modified mode [ 'README.md', 436, 420 ]
1025 silly gunzTarPerm extractEntry include_dirs.js
1026 silly gunzTarPerm modified mode [ 'include_dirs.js', 436, 420 ]
1027 silly gunzTarPerm extractEntry nan_converters_43_inl.h
1028 silly gunzTarPerm modified mode [ 'nan_converters_43_inl.h', 436, 420 ]
1029 silly gunzTarPerm extractEntry LICENSE.md
1030 silly gunzTarPerm modified mode [ 'LICENSE.md', 436, 420 ]
1031 silly gunzTarPerm extractEntry doc/new.md
1032 silly gunzTarPerm modified mode [ 'doc/new.md', 436, 420 ]
1033 silly gunzTarPerm extractEntry doc/asyncworker.md
1034 silly gunzTarPerm modified mode [ 'doc/asyncworker.md', 436, 420 ]
1035 silly gunzTarPerm extractEntry doc/callback.md
1036 silly gunzTarPerm modified mode [ 'doc/callback.md', 436, 420 ]
1037 silly gunzTarPerm extractEntry doc/converters.md
1038 silly gunzTarPerm modified mode [ 'doc/converters.md', 436, 420 ]
1039 silly gunzTarPerm extractEntry doc/errors.md
1040 silly gunzTarPerm modified mode [ 'doc/errors.md', 436, 420 ]
1041 silly gunzTarPerm extractEntry doc/json.md
1042 silly gunzTarPerm modified mode [ 'doc/json.md', 436, 420 ]
1043 verbose write writing to /Users/jeongjinyong/Desktop/project/test/node/node_test/node_modules/detect-character-encoding/node_modules/bindings/package.json
1044 silly gunzTarPerm extractEntry doc/maybe_types.md
1045 silly gunzTarPerm modified mode [ 'doc/maybe_types.md', 436, 420 ]
1046 silly gunzTarPerm extractEntry doc/methods.md
1047 silly gunzTarPerm modified mode [ 'doc/methods.md', 436, 420 ]
1048 info preinstall bindings@1.3.0
1049 verbose readDependencies loading dependencies from /Users/jeongjinyong/Desktop/project/test/node/node_test/node_modules/detect-character-encoding/node_modules/bindings/package.json
1050 verbose readDependencies loading dependencies from /Users/jeongjinyong/Desktop/project/test/node/node_test/node_modules/detect-character-encoding/node_modules/bindings/package.json
1051 silly gunzTarPerm extractEntry doc/buffers.md
1052 silly gunzTarPerm modified mode [ 'doc/buffers.md', 436, 420 ]
1053 silly gunzTarPerm extractEntry doc/node_misc.md
1054 silly gunzTarPerm modified mode [ 'doc/node_misc.md', 436, 420 ]
1055 silly install resolved []
1056 verbose about to build /Users/jeongjinyong/Desktop/project/test/node/node_test/node_modules/detect-character-encoding/node_modules/bindings
1057 info build /Users/jeongjinyong/Desktop/project/test/node/node_test/node_modules/detect-character-encoding/node_modules/bindings
1058 info linkStuff bindings@1.3.0
1059 silly linkStuff bindings@1.3.0 has /Users/jeongjinyong/Desktop/project/test/node/node_test/node_modules/detect-character-encoding/node_modules as its parent node_modules
1060 silly gunzTarPerm extractEntry doc/object_wrappers.md
1061 silly gunzTarPerm modified mode [ 'doc/object_wrappers.md', 436, 420 ]
1062 silly gunzTarPerm extractEntry doc/persistent.md
1063 silly gunzTarPerm modified mode [ 'doc/persistent.md', 436, 420 ]
1064 verbose linkBins bindings@1.3.0
1065 verbose linkMans bindings@1.3.0
1066 verbose rebuildBundles bindings@1.3.0
1067 info install bindings@1.3.0
1068 info postinstall bindings@1.3.0
1069 silly gunzTarPerm extractEntry doc/scopes.md
1070 silly gunzTarPerm modified mode [ 'doc/scopes.md', 436, 420 ]
1071 verbose unlock done using /Users/jeongjinyong/.npm/_locks/bindings-198c83e0a1411900.lock for /Users/jeongjinyong/Desktop/project/test/node/node_test/node_modules/detect-character-encoding/node_modules/bindings
1072 silly gunzTarPerm extractEntry doc/script.md
1073 silly gunzTarPerm modified mode [ 'doc/script.md', 436, 420 ]
1074 silly gunzTarPerm extractEntry doc/string_bytes.md
1075 silly gunzTarPerm modified mode [ 'doc/string_bytes.md', 436, 420 ]
1076 silly gunzTarPerm extractEntry doc/v8_internals.md
1077 silly gunzTarPerm modified mode [ 'doc/v8_internals.md', 436, 420 ]
1078 silly gunzTarPerm extractEntry doc/v8_misc.md
1079 silly gunzTarPerm modified mode [ 'doc/v8_misc.md', 436, 420 ]
1080 silly gunzTarPerm extractEntry nan.h
1081 silly gunzTarPerm modified mode [ 'nan.h', 436, 420 ]
1082 silly gunzTarPerm extractEntry nan_callbacks.h
1083 silly gunzTarPerm modified mode [ 'nan_callbacks.h', 436, 420 ]
1084 silly gunzTarPerm extractEntry nan_callbacks_12_inl.h
1085 silly gunzTarPerm modified mode [ 'nan_callbacks_12_inl.h', 436, 420 ]
1086 silly gunzTarPerm extractEntry nan_callbacks_pre_12_inl.h
1087 silly gunzTarPerm modified mode [ 'nan_callbacks_pre_12_inl.h', 436, 420 ]
1088 silly gunzTarPerm extractEntry nan_converters.h
1089 silly gunzTarPerm modified mode [ 'nan_converters.h', 436, 420 ]
1090 silly gunzTarPerm extractEntry nan_converters_pre_43_inl.h
1091 silly gunzTarPerm modified mode [ 'nan_converters_pre_43_inl.h', 436, 420 ]
1092 silly gunzTarPerm extractEntry nan_implementation_12_inl.h
1093 silly gunzTarPerm modified mode [ 'nan_implementation_12_inl.h', 436, 420 ]
1094 silly gunzTarPerm extractEntry nan_implementation_pre_12_inl.h
1095 silly gunzTarPerm modified mode [ 'nan_implementation_pre_12_inl.h', 436, 420 ]
1096 silly gunzTarPerm extractEntry nan_json.h
1097 silly gunzTarPerm modified mode [ 'nan_json.h', 436, 420 ]
1098 silly gunzTarPerm extractEntry nan_maybe_43_inl.h
1099 silly gunzTarPerm modified mode [ 'nan_maybe_43_inl.h', 436, 420 ]
1100 silly gunzTarPerm extractEntry nan_maybe_pre_43_inl.h
1101 silly gunzTarPerm modified mode [ 'nan_maybe_pre_43_inl.h', 436, 420 ]
1102 silly gunzTarPerm extractEntry nan_new.h
1103 silly gunzTarPerm modified mode [ 'nan_new.h', 436, 420 ]
1104 silly gunzTarPerm extractEntry nan_object_wrap.h
1105 silly gunzTarPerm modified mode [ 'nan_object_wrap.h', 436, 420 ]
1106 silly gunzTarPerm extractEntry nan_persistent_12_inl.h
1107 silly gunzTarPerm modified mode [ 'nan_persistent_12_inl.h', 436, 420 ]
1108 silly gunzTarPerm extractEntry nan_persistent_pre_12_inl.h
1109 silly gunzTarPerm modified mode [ 'nan_persistent_pre_12_inl.h', 436, 420 ]
1110 silly gunzTarPerm extractEntry nan_private.h
1111 silly gunzTarPerm modified mode [ 'nan_private.h', 436, 420 ]
1112 silly gunzTarPerm extractEntry nan_string_bytes.h
1113 silly gunzTarPerm modified mode [ 'nan_string_bytes.h', 436, 420 ]
1114 silly gunzTarPerm extractEntry nan_typedarray_contents.h
1115 silly gunzTarPerm modified mode [ 'nan_typedarray_contents.h', 436, 420 ]
1116 silly gunzTarPerm extractEntry nan_weak.h
1117 silly gunzTarPerm modified mode [ 'nan_weak.h', 436, 420 ]
1118 silly gunzTarPerm extractEntry CHANGELOG.md
1119 silly gunzTarPerm modified mode [ 'CHANGELOG.md', 436, 420 ]
1120 silly gunzTarPerm extractEntry tools/package.json
1121 silly gunzTarPerm modified mode [ 'tools/package.json', 436, 420 ]
1122 silly gunzTarPerm extractEntry tools/README.md
1123 silly gunzTarPerm modified mode [ 'tools/README.md', 436, 420 ]
1124 silly gunzTarPerm extractEntry tools/1to2.js
1125 silly gunzTarPerm modified mode [ 'tools/1to2.js', 509, 493 ]
1126 verbose write writing to /Users/jeongjinyong/Desktop/project/test/node/node_test/node_modules/detect-character-encoding/node_modules/nan/package.json
1127 info preinstall nan@2.8.0
1128 verbose readDependencies loading dependencies from /Users/jeongjinyong/Desktop/project/test/node/node_test/node_modules/detect-character-encoding/node_modules/nan/package.json
1129 verbose readDependencies loading dependencies from /Users/jeongjinyong/Desktop/project/test/node/node_test/node_modules/detect-character-encoding/node_modules/nan/package.json
1130 silly install resolved []
1131 verbose about to build /Users/jeongjinyong/Desktop/project/test/node/node_test/node_modules/detect-character-encoding/node_modules/nan
1132 info build /Users/jeongjinyong/Desktop/project/test/node/node_test/node_modules/detect-character-encoding/node_modules/nan
1133 info linkStuff nan@2.8.0
1134 silly linkStuff nan@2.8.0 has /Users/jeongjinyong/Desktop/project/test/node/node_test/node_modules/detect-character-encoding/node_modules as its parent node_modules
1135 verbose linkBins nan@2.8.0
1136 verbose linkMans nan@2.8.0
1137 verbose rebuildBundles nan@2.8.0
1138 info install nan@2.8.0
1139 info postinstall nan@2.8.0
1140 verbose unlock done using /Users/jeongjinyong/.npm/_locks/nan-f3869acd677f1d7c.lock for /Users/jeongjinyong/Desktop/project/test/node/node_test/node_modules/detect-character-encoding/node_modules/nan
1141 verbose about to build /Users/jeongjinyong/Desktop/project/test/node/node_test/node_modules/detect-character-encoding
1142 info build /Users/jeongjinyong/Desktop/project/test/node/node_test/node_modules/detect-character-encoding
1143 info linkStuff detect-character-encoding@0.5.1
1144 silly linkStuff detect-character-encoding@0.5.1 has /Users/jeongjinyong/Desktop/project/test/node/node_test/node_modules as its parent node_modules
1145 verbose linkBins detect-character-encoding@0.5.1
1146 verbose linkMans detect-character-encoding@0.5.1
1147 verbose rebuildBundles detect-character-encoding@0.5.1
1148 verbose rebuildBundles [ 'bindings', 'nan' ]
1149 info install detect-character-encoding@0.5.1
1150 verbose unsafe-perm in lifecycle true
1151 info detect-character-encoding@0.5.1 Failed to exec install script
1152 verbose unlock done using /Users/jeongjinyong/.npm/_locks/detect-character-encodin-72023a82800d511e.lock for /Users/jeongjinyong/Desktop/project/test/node/node_test/node_modules/detect-character-encoding
1153 verbose stack Error: detect-character-encoding@0.5.1 install: `node-gyp rebuild`
1153 verbose stack Exit status 1
1153 verbose stack     at EventEmitter.<anonymous> (/usr/local/lib/node_modules/npm/lib/utils/lifecycle.js:217:16)
1153 verbose stack     at emitTwo (events.js:87:13)
1153 verbose stack     at EventEmitter.emit (events.js:172:7)
1153 verbose stack     at ChildProcess.<anonymous> (/usr/local/lib/node_modules/npm/lib/utils/spawn.js:24:14)
1153 verbose stack     at emitTwo (events.js:87:13)
1153 verbose stack     at ChildProcess.emit (events.js:172:7)
1153 verbose stack     at maybeClose (internal/child_process.js:829:16)
1153 verbose stack     at Process.ChildProcess._handle.onexit (internal/child_process.js:211:5)
1154 verbose pkgid detect-character-encoding@0.5.1
1155 verbose cwd /Users/jeongjinyong/Desktop/project/test/node/node_test
1156 error Darwin 17.3.0
1157 error argv "/usr/local/bin/node" "/usr/local/bin/npm" "install" "detect-character-encoding" "--save"
1158 error node v4.5.0
1159 error npm  v2.15.9
1160 error code ELIFECYCLE
1161 error detect-character-encoding@0.5.1 install: `node-gyp rebuild`
1161 error Exit status 1
1162 error Failed at the detect-character-encoding@0.5.1 install script 'node-gyp rebuild'.
1162 error This is most likely a problem with the detect-character-encoding package,
1162 error not with npm itself.
1162 error Tell the author that this fails on your system:
1162 error     node-gyp rebuild
1162 error You can get information on how to open an issue for this project with:
1162 error     npm bugs detect-character-encoding
1162 error Or if that isn't available, you can get their info via:
1162 error
1162 error     npm owner ls detect-character-encoding
1162 error There is likely additional logging output above.
1163 verbose exit [ 1, true ]
1164 verbose unbuild node_modules/detect-character-encoding
1165 info preuninstall detect-character-encoding@0.5.1
1166 info uninstall detect-character-encoding@0.5.1
1167 verbose unbuild rmStuff detect-character-encoding@0.5.1 from /Users/jeongjinyong/Desktop/project/test/node/node_test/node_modules
1168 info postuninstall detect-character-encoding@0.5.1
1169 silly gentlyRm /Users/jeongjinyong/Desktop/project/test/node/node_test/node_modules/detect-character-encoding is being purged from base /Users/jeongjinyong/Desktop/project/test/node/node_test
1170 verbose gentlyRm don't care about contents; nuking /Users/jeongjinyong/Desktop/project/test/node/node_test/node_modules/detect-character-encoding
1171 silly vacuum-fs purging /Users/jeongjinyong/Desktop/project/test/node/node_test/node_modules/detect-character-encoding
1172 silly vacuum-fs quitting because other entries in /Users/jeongjinyong/Desktop/project/test/node/node_test/node_modules
